mode: atomic
github.com/b7r-dev/lyt/internal/build/cache.go:19.40,27.16 3 5
github.com/b7r-dev/lyt/internal/build/cache.go:27.16,28.49 1 2
github.com/b7r-dev/lyt/internal/build/cache.go:28.50,30.4 0 0
github.com/b7r-dev/lyt/internal/build/cache.go:32.2,32.10 1 5
github.com/b7r-dev/lyt/internal/build/cache.go:36.30,41.16 4 2
github.com/b7r-dev/lyt/internal/build/cache.go:41.16,43.3 1 0
github.com/b7r-dev/lyt/internal/build/cache.go:44.2,44.41 1 2
github.com/b7r-dev/lyt/internal/build/cache.go:48.47,52.2 3 2
github.com/b7r-dev/lyt/internal/build/cache.go:55.56,59.2 3 3
github.com/b7r-dev/lyt/internal/build/cache.go:62.46,67.13 4 3
github.com/b7r-dev/lyt/internal/build/cache.go:67.13,69.3 1 2
github.com/b7r-dev/lyt/internal/build/cache.go:72.2,73.16 2 1
github.com/b7r-dev/lyt/internal/build/cache.go:73.16,75.3 1 0
github.com/b7r-dev/lyt/internal/build/cache.go:77.2,77.40 1 1
github.com/b7r-dev/lyt/internal/build/cache.go:81.36,83.16 2 1
github.com/b7r-dev/lyt/internal/build/cache.go:83.16,85.3 1 0
github.com/b7r-dev/lyt/internal/build/cache.go:86.2,86.43 1 1
github.com/b7r-dev/lyt/internal/build/cache.go:90.44,91.81 1 0
github.com/b7r-dev/lyt/internal/build/cache.go:91.81,92.17 1 0
github.com/b7r-dev/lyt/internal/build/cache.go:92.17,94.4 1 0
github.com/b7r-dev/lyt/internal/build/cache.go:95.3,95.20 1 0
github.com/b7r-dev/lyt/internal/build/cache.go:95.20,97.4 1 0
github.com/b7r-dev/lyt/internal/build/cache.go:98.3,98.13 1 0
github.com/b7r-dev/lyt/internal/build/cache.go:103.52,104.27 1 2
github.com/b7r-dev/lyt/internal/build/cache.go:104.27,106.79 2 2
github.com/b7r-dev/lyt/internal/build/cache.go:106.79,107.18 1 4
github.com/b7r-dev/lyt/internal/build/cache.go:107.18,109.5 1 0
github.com/b7r-dev/lyt/internal/build/cache.go:110.4,110.43 1 4
github.com/b7r-dev/lyt/internal/build/cache.go:110.43,113.5 2 1
github.com/b7r-dev/lyt/internal/build/cache.go:114.4,114.14 1 3
github.com/b7r-dev/lyt/internal/build/cache.go:116.3,116.14 1 2
github.com/b7r-dev/lyt/internal/build/cache.go:116.14,118.4 1 1
github.com/b7r-dev/lyt/internal/build/cache.go:120.2,120.14 1 1
github.com/b7r-dev/lyt/internal/build/cache.go:124.30,128.2 3 1
github.com/b7r-dev/lyt/internal/build/cache.go:131.47,135.25 3 0
github.com/b7r-dev/lyt/internal/build/cache.go:135.25,137.3 1 0
github.com/b7r-dev/lyt/internal/build/cache.go:140.2,140.18 1 0
github.com/b7r-dev/lyt/internal/content/scanner.go:35.52,37.2 1 3
github.com/b7r-dev/lyt/internal/content/scanner.go:39.47,48.83 2 3
github.com/b7r-dev/lyt/internal/content/scanner.go:48.83,49.17 1 13
github.com/b7r-dev/lyt/internal/content/scanner.go:49.17,51.4 1 0
github.com/b7r-dev/lyt/internal/content/scanner.go:52.3,52.38 1 13
github.com/b7r-dev/lyt/internal/content/scanner.go:52.38,54.4 1 8
github.com/b7r-dev/lyt/internal/content/scanner.go:56.3,57.17 2 5
github.com/b7r-dev/lyt/internal/content/scanner.go:57.17,59.4 1 0
github.com/b7r-dev/lyt/internal/content/scanner.go:60.3,63.69 2 5
github.com/b7r-dev/lyt/internal/content/scanner.go:63.69,65.4 1 1
github.com/b7r-dev/lyt/internal/content/scanner.go:67.3,68.17 2 4
github.com/b7r-dev/lyt/internal/content/scanner.go:68.17,70.4 1 0
github.com/b7r-dev/lyt/internal/content/scanner.go:72.3,73.52 2 4
github.com/b7r-dev/lyt/internal/content/scanner.go:73.52,75.4 1 0
github.com/b7r-dev/lyt/internal/content/scanner.go:77.3,77.34 1 4
github.com/b7r-dev/lyt/internal/content/scanner.go:77.34,79.4 1 0
github.com/b7r-dev/lyt/internal/content/scanner.go:81.3,88.10 2 4
github.com/b7r-dev/lyt/internal/content/scanner.go:89.40,91.31 2 2
github.com/b7r-dev/lyt/internal/content/scanner.go:92.46,94.43 2 0
github.com/b7r-dev/lyt/internal/content/scanner.go:95.42,97.26 2 0
github.com/b7r-dev/lyt/internal/content/scanner.go:97.26,99.5 1 0
github.com/b7r-dev/lyt/internal/content/scanner.go:100.46,101.18 1 0
github.com/b7r-dev/lyt/internal/content/scanner.go:102.11,104.33 2 2
github.com/b7r-dev/lyt/internal/content/scanner.go:107.3,107.13 1 4
github.com/b7r-dev/lyt/internal/content/scanner.go:110.2,110.15 1 3
github.com/b7r-dev/lyt/internal/content/scanner.go:113.44,115.2 1 5
github.com/b7r-dev/lyt/internal/content/scanner.go:118.98,122.2 3 4
github.com/b7r-dev/lyt/internal/content/scanner.go:124.103,125.25 1 9
github.com/b7r-dev/lyt/internal/content/scanner.go:125.25,126.24 1 19
github.com/b7r-dev/lyt/internal/content/scanner.go:127.15,128.33 1 13
github.com/b7r-dev/lyt/internal/content/scanner.go:128.33,130.78 2 0
github.com/b7r-dev/lyt/internal/content/scanner.go:130.78,132.6 1 0
github.com/b7r-dev/lyt/internal/content/scanner.go:134.31,135.38 1 4
github.com/b7r-dev/lyt/internal/content/scanner.go:136.22,137.40 1 1
github.com/b7r-dev/lyt/internal/content/scanner.go:142.96,143.25 1 1
github.com/b7r-dev/lyt/internal/content/scanner.go:143.25,144.24 1 1
github.com/b7r-dev/lyt/internal/content/scanner.go:145.15,145.15 0 0
github.com/b7r-dev/lyt/internal/content/scanner.go:147.31,148.38 1 1
github.com/b7r-dev/lyt/internal/content/scanner.go:149.22,150.40 1 0
github.com/b7r-dev/lyt/internal/content/scanner.go:155.69,158.29 3 0
github.com/b7r-dev/lyt/internal/content/scanner.go:158.29,159.48 1 0
github.com/b7r-dev/lyt/internal/content/scanner.go:159.48,161.4 1 0
github.com/b7r-dev/lyt/internal/content/scanner.go:161.9,163.4 1 0
github.com/b7r-dev/lyt/internal/content/scanner.go:165.2,165.12 1 0
github.com/b7r-dev/lyt/internal/content/scanner.go:169.53,170.62 1 7
github.com/b7r-dev/lyt/internal/content/scanner.go:170.62,172.3 1 6
github.com/b7r-dev/lyt/internal/content/scanner.go:173.2,173.37 1 1
github.com/b7r-dev/lyt/internal/content/scanner.go:177.69,178.61 1 2
github.com/b7r-dev/lyt/internal/content/scanner.go:178.61,179.30 1 2
github.com/b7r-dev/lyt/internal/content/scanner.go:179.30,180.47 1 3
github.com/b7r-dev/lyt/internal/content/scanner.go:180.47,181.53 1 3
github.com/b7r-dev/lyt/internal/content/scanner.go:181.53,183.6 1 1
github.com/b7r-dev/lyt/internal/content/scanner.go:187.2,187.12 1 1
github.com/b7r-dev/lyt/internal/content/scanner.go:191.40,192.40 1 4
github.com/b7r-dev/lyt/internal/content/scanner.go:192.40,194.27 2 2
github.com/b7r-dev/lyt/internal/content/scanner.go:194.27,195.31 1 6
github.com/b7r-dev/lyt/internal/content/scanner.go:195.31,197.5 1 5
github.com/b7r-dev/lyt/internal/content/scanner.go:199.3,199.13 1 2
github.com/b7r-dev/lyt/internal/content/scanner.go:201.2,201.12 1 2
github.com/b7r-dev/lyt/internal/content/scanner.go:205.57,206.45 1 0
github.com/b7r-dev/lyt/internal/content/scanner.go:206.45,208.23 2 0
github.com/b7r-dev/lyt/internal/content/scanner.go:208.23,209.31 1 0
github.com/b7r-dev/lyt/internal/content/scanner.go:209.31,211.5 1 0
github.com/b7r-dev/lyt/internal/content/scanner.go:213.3,213.13 1 0
github.com/b7r-dev/lyt/internal/content/scanner.go:215.2,215.12 1 0
github.com/b7r-dev/lyt/internal/content/scanner.go:218.61,219.33 1 0
github.com/b7r-dev/lyt/internal/content/scanner.go:219.33,220.56 1 0
github.com/b7r-dev/lyt/internal/content/scanner.go:220.56,222.4 1 0
github.com/b7r-dev/lyt/internal/content/scanner.go:224.2,224.12 1 0
github.com/b7r-dev/lyt/internal/content/scanner.go:227.45,228.52 1 2
github.com/b7r-dev/lyt/internal/content/scanner.go:228.52,230.3 1 1
github.com/b7r-dev/lyt/internal/content/scanner.go:231.2,231.24 1 1
github.com/b7r-dev/lyt/internal/content/scanner.go:234.44,235.63 1 2
github.com/b7r-dev/lyt/internal/content/scanner.go:235.63,236.46 1 1
github.com/b7r-dev/lyt/internal/content/scanner.go:236.46,238.4 1 1
github.com/b7r-dev/lyt/internal/content/scanner.go:240.2,240.14 1 1
github.com/b7r-dev/lyt/internal/content/scanner.go:244.49,245.80 1 2
github.com/b7r-dev/lyt/internal/content/scanner.go:245.80,246.67 1 1
github.com/b7r-dev/lyt/internal/content/scanner.go:246.67,248.4 1 1
github.com/b7r-dev/lyt/internal/content/scanner.go:250.2,250.14 1 1
github.com/b7r-dev/lyt/internal/content/scanner.go:254.44,255.80 1 2
github.com/b7r-dev/lyt/internal/content/scanner.go:255.80,256.66 1 1
github.com/b7r-dev/lyt/internal/content/scanner.go:256.66,258.4 1 1
github.com/b7r-dev/lyt/internal/content/scanner.go:260.2,260.18 1 1
github.com/b7r-dev/lyt/internal/content/scanner.go:264.38,265.63 1 0
github.com/b7r-dev/lyt/internal/content/scanner.go:265.63,266.55 1 0
github.com/b7r-dev/lyt/internal/content/scanner.go:266.55,268.4 1 0
github.com/b7r-dev/lyt/internal/content/scanner.go:270.2,270.30 1 0
github.com/b7r-dev/lyt/internal/content/scanner.go:274.44,275.63 1 0
github.com/b7r-dev/lyt/internal/content/scanner.go:275.63,276.73 1 0
github.com/b7r-dev/lyt/internal/content/scanner.go:276.73,278.4 1 0
github.com/b7r-dev/lyt/internal/content/scanner.go:280.2,280.61 1 0
github.com/b7r-dev/lyt/internal/content/scanner.go:284.42,285.63 1 0
github.com/b7r-dev/lyt/internal/content/scanner.go:285.63,286.67 1 0
github.com/b7r-dev/lyt/internal/content/scanner.go:286.67,288.4 1 0
github.com/b7r-dev/lyt/internal/content/scanner.go:290.2,290.14 1 0
github.com/b7r-dev/lyt/internal/content/scanner.go:295.56,298.54 2 2
github.com/b7r-dev/lyt/internal/content/scanner.go:298.54,300.3 1 1
github.com/b7r-dev/lyt/internal/content/scanner.go:302.2,302.32 1 1
github.com/b7r-dev/lyt/internal/content/scanner.go:302.32,304.3 1 1
github.com/b7r-dev/lyt/internal/content/scanner.go:305.2,305.14 1 0
github.com/b7r-dev/lyt/internal/content/scanner.go:310.60,312.52 2 2
github.com/b7r-dev/lyt/internal/content/scanner.go:312.52,314.3 1 1
github.com/b7r-dev/lyt/internal/content/scanner.go:315.2,315.14 1 1
github.com/b7r-dev/lyt/internal/content/scanner.go:320.61,321.79 1 3
github.com/b7r-dev/lyt/internal/content/scanner.go:321.79,323.3 1 2
github.com/b7r-dev/lyt/internal/content/scanner.go:324.2,324.12 1 1
github.com/b7r-dev/lyt/main.go:10.13,11.38 1 0
github.com/b7r-dev/lyt/main.go:11.38,14.3 2 0
github.com/b7r-dev/lyt/internal/tokens/processor.go:12.63,14.16 2 2
github.com/b7r-dev/lyt/internal/tokens/processor.go:14.16,16.3 1 1
github.com/b7r-dev/lyt/internal/tokens/processor.go:18.2,19.51 2 1
github.com/b7r-dev/lyt/internal/tokens/processor.go:19.51,21.3 1 0
github.com/b7r-dev/lyt/internal/tokens/processor.go:23.2,28.62 4 1
github.com/b7r-dev/lyt/internal/tokens/processor.go:28.62,31.3 2 1
github.com/b7r-dev/lyt/internal/tokens/processor.go:34.2,34.64 1 1
github.com/b7r-dev/lyt/internal/tokens/processor.go:34.64,37.3 2 0
github.com/b7r-dev/lyt/internal/tokens/processor.go:40.2,40.63 1 1
github.com/b7r-dev/lyt/internal/tokens/processor.go:40.63,43.3 2 1
github.com/b7r-dev/lyt/internal/tokens/processor.go:46.2,46.52 1 1
github.com/b7r-dev/lyt/internal/tokens/processor.go:46.52,49.3 2 1
github.com/b7r-dev/lyt/internal/tokens/processor.go:51.2,52.25 2 1
github.com/b7r-dev/lyt/internal/tokens/processor.go:55.80,57.25 2 2
github.com/b7r-dev/lyt/internal/tokens/processor.go:57.25,60.19 3 3
github.com/b7r-dev/lyt/internal/tokens/processor.go:60.19,62.4 1 2
github.com/b7r-dev/lyt/internal/tokens/processor.go:63.3,63.24 1 3
github.com/b7r-dev/lyt/internal/tokens/processor.go:64.15,65.63 1 2
github.com/b7r-dev/lyt/internal/tokens/processor.go:66.31,67.28 1 1
github.com/b7r-dev/lyt/internal/tokens/processor.go:72.81,74.25 2 2
github.com/b7r-dev/lyt/internal/tokens/processor.go:74.25,76.24 2 3
github.com/b7r-dev/lyt/internal/tokens/processor.go:77.15,78.63 1 3
github.com/b7r-dev/lyt/internal/tokens/processor.go:79.12,80.65 1 0
github.com/b7r-dev/lyt/internal/tokens/processor.go:81.16,82.67 1 0
github.com/b7r-dev/lyt/internal/tokens/processor.go:87.69,88.61 1 1
github.com/b7r-dev/lyt/internal/tokens/processor.go:88.61,89.24 1 1
github.com/b7r-dev/lyt/internal/tokens/processor.go:89.24,91.4 1 1
github.com/b7r-dev/lyt/internal/tokens/processor.go:93.2,93.59 1 1
github.com/b7r-dev/lyt/internal/tokens/processor.go:93.59,95.3 1 1
github.com/b7r-dev/lyt/internal/tokens/processor.go:96.2,96.61 1 1
github.com/b7r-dev/lyt/internal/tokens/processor.go:96.61,98.3 1 0
github.com/b7r-dev/lyt/internal/tokens/processor.go:99.2,99.61 1 1
github.com/b7r-dev/lyt/internal/tokens/processor.go:99.61,101.3 1 0
github.com/b7r-dev/lyt/internal/tokens/processor.go:102.2,102.64 1 1
github.com/b7r-dev/lyt/internal/tokens/processor.go:102.64,104.3 1 0
github.com/b7r-dev/lyt/internal/tokens/processor.go:107.52,109.19 2 5
github.com/b7r-dev/lyt/internal/tokens/processor.go:109.19,111.3 1 9
github.com/b7r-dev/lyt/internal/tokens/processor.go:112.2,113.13 2 5
github.com/b7r-dev/lyt/internal/render/render.go:99.84,101.2 1 10
github.com/b7r-dev/lyt/internal/render/render.go:118.71,129.16 7 12
github.com/b7r-dev/lyt/internal/render/render.go:129.16,131.3 1 0
github.com/b7r-dev/lyt/internal/render/render.go:134.2,156.46 5 12
github.com/b7r-dev/lyt/internal/render/render.go:162.77,163.35 1 13
github.com/b7r-dev/lyt/internal/render/render.go:163.35,165.3 1 1
github.com/b7r-dev/lyt/internal/render/render.go:167.2,167.36 1 12
github.com/b7r-dev/lyt/internal/render/render.go:170.75,184.27 8 1
github.com/b7r-dev/lyt/internal/render/render.go:184.27,185.25 1 0
github.com/b7r-dev/lyt/internal/render/render.go:185.25,186.46 1 0
github.com/b7r-dev/lyt/internal/render/render.go:186.46,189.5 2 0
github.com/b7r-dev/lyt/internal/render/render.go:189.10,189.52 1 0
github.com/b7r-dev/lyt/internal/render/render.go:189.52,192.5 2 0
github.com/b7r-dev/lyt/internal/render/render.go:196.3,196.24 1 0
github.com/b7r-dev/lyt/internal/render/render.go:196.24,197.48 1 0
github.com/b7r-dev/lyt/internal/render/render.go:197.48,200.5 2 0
github.com/b7r-dev/lyt/internal/render/render.go:204.2,207.16 4 1
github.com/b7r-dev/lyt/internal/render/render.go:207.16,209.3 1 1
github.com/b7r-dev/lyt/internal/render/render.go:212.2,212.27 1 1
github.com/b7r-dev/lyt/internal/render/render.go:212.27,214.3 1 1
github.com/b7r-dev/lyt/internal/render/render.go:214.8,216.3 1 0
github.com/b7r-dev/lyt/internal/render/render.go:217.2,240.46 6 1
github.com/b7r-dev/lyt/internal/render/render.go:244.76,254.25 6 1
github.com/b7r-dev/lyt/internal/render/render.go:254.25,257.3 1 1
github.com/b7r-dev/lyt/internal/render/render.go:257.8,259.24 1 0
github.com/b7r-dev/lyt/internal/render/render.go:259.24,262.4 2 0
github.com/b7r-dev/lyt/internal/render/render.go:262.9,266.4 2 0
github.com/b7r-dev/lyt/internal/render/render.go:270.2,284.51 3 1
github.com/b7r-dev/lyt/internal/render/render.go:288.83,292.53 2 1
github.com/b7r-dev/lyt/internal/render/render.go:292.53,294.3 1 1
github.com/b7r-dev/lyt/internal/render/render.go:297.2,297.58 1 1
github.com/b7r-dev/lyt/internal/render/render.go:297.58,299.3 1 1
github.com/b7r-dev/lyt/internal/render/render.go:302.2,302.66 1 1
github.com/b7r-dev/lyt/internal/render/render.go:302.66,303.30 1 1
github.com/b7r-dev/lyt/internal/render/render.go:303.30,304.49 1 1
github.com/b7r-dev/lyt/internal/render/render.go:304.49,306.5 1 1
github.com/b7r-dev/lyt/internal/render/render.go:310.2,310.20 1 1
github.com/b7r-dev/lyt/internal/render/render.go:314.74,319.17 3 1
github.com/b7r-dev/lyt/internal/render/render.go:320.13,321.47 1 1
github.com/b7r-dev/lyt/internal/render/render.go:322.16,323.50 1 0
github.com/b7r-dev/lyt/internal/render/render.go:324.17,325.51 1 0
github.com/b7r-dev/lyt/internal/render/render.go:326.14,327.48 1 0
github.com/b7r-dev/lyt/internal/render/render.go:328.10,329.51 1 0
github.com/b7r-dev/lyt/internal/render/render.go:332.2,332.20 1 1
github.com/b7r-dev/lyt/internal/render/render.go:336.77,345.2 7 1
github.com/b7r-dev/lyt/internal/render/render.go:348.80,357.2 7 0
github.com/b7r-dev/lyt/internal/render/render.go:360.81,370.2 8 0
github.com/b7r-dev/lyt/internal/render/render.go:373.78,380.2 5 0
github.com/b7r-dev/lyt/internal/render/render.go:383.81,388.17 4 0
github.com/b7r-dev/lyt/internal/render/render.go:388.17,390.3 1 0
github.com/b7r-dev/lyt/internal/render/render.go:390.8,392.3 1 0
github.com/b7r-dev/lyt/internal/render/render.go:394.2,394.16 1 0
github.com/b7r-dev/lyt/internal/render/render.go:394.16,397.3 2 0
github.com/b7r-dev/lyt/internal/render/render.go:399.2,400.20 2 0
github.com/b7r-dev/lyt/internal/render/render.go:404.62,411.42 4 1
github.com/b7r-dev/lyt/internal/render/render.go:411.42,412.39 1 1
github.com/b7r-dev/lyt/internal/render/render.go:412.39,413.12 1 0
github.com/b7r-dev/lyt/internal/render/render.go:415.3,421.74 6 1
github.com/b7r-dev/lyt/internal/render/render.go:421.74,423.4 1 1
github.com/b7r-dev/lyt/internal/render/render.go:425.3,425.84 1 1
github.com/b7r-dev/lyt/internal/render/render.go:428.2,429.20 2 1
github.com/b7r-dev/lyt/internal/render/render.go:433.78,441.16 6 0
github.com/b7r-dev/lyt/internal/render/render.go:441.16,443.3 1 0
github.com/b7r-dev/lyt/internal/render/render.go:446.2,450.27 3 0
github.com/b7r-dev/lyt/internal/render/render.go:450.27,451.25 1 0
github.com/b7r-dev/lyt/internal/render/render.go:451.25,452.46 1 0
github.com/b7r-dev/lyt/internal/render/render.go:452.46,455.5 2 0
github.com/b7r-dev/lyt/internal/render/render.go:455.10,455.52 1 0
github.com/b7r-dev/lyt/internal/render/render.go:455.52,458.5 2 0
github.com/b7r-dev/lyt/internal/render/render.go:462.3,462.24 1 0
github.com/b7r-dev/lyt/internal/render/render.go:462.24,463.48 1 0
github.com/b7r-dev/lyt/internal/render/render.go:463.48,466.5 2 0
github.com/b7r-dev/lyt/internal/render/render.go:470.2,470.27 1 0
github.com/b7r-dev/lyt/internal/render/render.go:470.27,472.3 1 0
github.com/b7r-dev/lyt/internal/render/render.go:472.8,474.3 1 0
github.com/b7r-dev/lyt/internal/render/render.go:476.2,476.25 1 0
github.com/b7r-dev/lyt/internal/render/render.go:479.75,482.9 3 13
github.com/b7r-dev/lyt/internal/render/render.go:482.9,484.3 1 0
github.com/b7r-dev/lyt/internal/render/render.go:486.2,486.29 1 13
github.com/b7r-dev/lyt/internal/render/render.go:486.29,488.10 2 13
github.com/b7r-dev/lyt/internal/render/render.go:488.10,489.12 1 0
github.com/b7r-dev/lyt/internal/render/render.go:491.3,492.23 2 13
github.com/b7r-dev/lyt/internal/render/render.go:495.2,495.25 1 13
github.com/b7r-dev/lyt/internal/render/render.go:498.69,505.17 4 13
github.com/b7r-dev/lyt/internal/render/render.go:506.14,507.43 1 3
github.com/b7r-dev/lyt/internal/render/render.go:508.18,509.47 1 1
github.com/b7r-dev/lyt/internal/render/render.go:510.17,511.46 1 1
github.com/b7r-dev/lyt/internal/render/render.go:512.20,513.41 1 1
github.com/b7r-dev/lyt/internal/render/render.go:514.18,515.40 1 0
github.com/b7r-dev/lyt/internal/render/render.go:516.13,517.42 1 1
github.com/b7r-dev/lyt/internal/render/render.go:518.17,519.46 1 0
github.com/b7r-dev/lyt/internal/render/render.go:520.22,521.43 1 0
github.com/b7r-dev/lyt/internal/render/render.go:522.17,525.127 2 1
github.com/b7r-dev/lyt/internal/render/render.go:526.10,531.56 2 5
github.com/b7r-dev/lyt/internal/render/render.go:531.56,534.4 2 4
github.com/b7r-dev/lyt/internal/render/render.go:537.3,538.24 2 5
github.com/b7r-dev/lyt/internal/render/render.go:538.24,540.4 1 1
github.com/b7r-dev/lyt/internal/render/render.go:543.3,543.52 1 5
github.com/b7r-dev/lyt/internal/render/render.go:543.52,545.28 2 0
github.com/b7r-dev/lyt/internal/render/render.go:545.28,546.51 1 0
github.com/b7r-dev/lyt/internal/render/render.go:546.51,548.6 1 0
github.com/b7r-dev/lyt/internal/render/render.go:550.4,550.28 1 0
github.com/b7r-dev/lyt/internal/render/render.go:554.3,554.56 1 5
github.com/b7r-dev/lyt/internal/render/render.go:554.56,556.30 2 0
github.com/b7r-dev/lyt/internal/render/render.go:556.30,557.50 1 0
github.com/b7r-dev/lyt/internal/render/render.go:557.50,559.6 1 0
github.com/b7r-dev/lyt/internal/render/render.go:561.4,561.28 1 0
github.com/b7r-dev/lyt/internal/render/render.go:564.3,564.31 1 5
github.com/b7r-dev/lyt/internal/render/render.go:566.2,566.20 1 13
github.com/b7r-dev/lyt/internal/render/render.go:569.76,572.22 2 5
github.com/b7r-dev/lyt/internal/render/render.go:572.22,574.3 1 5
github.com/b7r-dev/lyt/internal/render/render.go:575.2,575.40 1 5
github.com/b7r-dev/lyt/internal/render/render.go:575.40,577.63 2 0
github.com/b7r-dev/lyt/internal/render/render.go:577.63,580.4 2 0
github.com/b7r-dev/lyt/internal/render/render.go:580.9,580.96 1 0
github.com/b7r-dev/lyt/internal/render/render.go:580.96,583.4 2 0
github.com/b7r-dev/lyt/internal/render/render.go:584.8,584.29 1 5
github.com/b7r-dev/lyt/internal/render/render.go:584.29,587.3 2 1
github.com/b7r-dev/lyt/internal/render/render.go:588.2,588.11 1 4
github.com/b7r-dev/lyt/internal/render/render.go:592.73,601.17 7 3
github.com/b7r-dev/lyt/internal/render/render.go:601.17,603.3 1 3
github.com/b7r-dev/lyt/internal/render/render.go:605.2,605.20 1 3
github.com/b7r-dev/lyt/internal/render/render.go:605.20,607.3 1 1
github.com/b7r-dev/lyt/internal/render/render.go:609.2,609.16 1 3
github.com/b7r-dev/lyt/internal/render/render.go:609.16,612.3 2 1
github.com/b7r-dev/lyt/internal/render/render.go:615.2,615.75 1 3
github.com/b7r-dev/lyt/internal/render/render.go:615.75,617.29 2 0
github.com/b7r-dev/lyt/internal/render/render.go:617.29,618.49 1 0
github.com/b7r-dev/lyt/internal/render/render.go:618.49,620.5 1 0
github.com/b7r-dev/lyt/internal/render/render.go:622.3,622.27 1 0
github.com/b7r-dev/lyt/internal/render/render.go:625.2,626.20 2 3
github.com/b7r-dev/lyt/internal/render/render.go:630.77,637.17 5 1
github.com/b7r-dev/lyt/internal/render/render.go:637.17,639.3 1 1
github.com/b7r-dev/lyt/internal/render/render.go:642.2,642.69 1 1
github.com/b7r-dev/lyt/internal/render/render.go:642.69,644.27 2 1
github.com/b7r-dev/lyt/internal/render/render.go:644.27,645.50 1 2
github.com/b7r-dev/lyt/internal/render/render.go:645.50,647.5 1 2
github.com/b7r-dev/lyt/internal/render/render.go:649.3,649.27 1 1
github.com/b7r-dev/lyt/internal/render/render.go:652.2,653.20 2 1
github.com/b7r-dev/lyt/internal/render/render.go:656.74,664.16 6 2
github.com/b7r-dev/lyt/internal/render/render.go:664.16,666.3 1 0
github.com/b7r-dev/lyt/internal/render/render.go:668.2,668.17 1 2
github.com/b7r-dev/lyt/internal/render/render.go:668.17,670.3 1 2
github.com/b7r-dev/lyt/internal/render/render.go:672.2,672.16 1 2
github.com/b7r-dev/lyt/internal/render/render.go:672.16,674.3 1 2
github.com/b7r-dev/lyt/internal/render/render.go:676.2,677.20 2 2
github.com/b7r-dev/lyt/internal/render/render.go:681.76,690.17 7 1
github.com/b7r-dev/lyt/internal/render/render.go:690.17,692.3 1 1
github.com/b7r-dev/lyt/internal/render/render.go:694.2,694.16 1 1
github.com/b7r-dev/lyt/internal/render/render.go:694.16,697.3 2 1
github.com/b7r-dev/lyt/internal/render/render.go:699.2,700.20 2 1
github.com/b7r-dev/lyt/internal/render/render.go:704.71,712.17 6 1
github.com/b7r-dev/lyt/internal/render/render.go:712.17,715.3 2 1
github.com/b7r-dev/lyt/internal/render/render.go:717.2,717.37 1 1
github.com/b7r-dev/lyt/internal/render/render.go:717.37,719.17 2 1
github.com/b7r-dev/lyt/internal/render/render.go:719.17,721.4 1 0
github.com/b7r-dev/lyt/internal/render/render.go:722.3,722.24 1 1
github.com/b7r-dev/lyt/internal/render/render.go:722.24,724.4 1 1
github.com/b7r-dev/lyt/internal/render/render.go:725.3,725.30 1 1
github.com/b7r-dev/lyt/internal/render/render.go:728.2,729.20 2 1
github.com/b7r-dev/lyt/internal/render/render.go:733.70,743.15 8 0
github.com/b7r-dev/lyt/internal/render/render.go:743.15,745.3 1 0
github.com/b7r-dev/lyt/internal/render/render.go:747.2,747.16 1 0
github.com/b7r-dev/lyt/internal/render/render.go:747.16,749.3 1 0
github.com/b7r-dev/lyt/internal/render/render.go:751.2,751.15 1 0
github.com/b7r-dev/lyt/internal/render/render.go:751.15,753.3 1 0
github.com/b7r-dev/lyt/internal/render/render.go:756.2,757.18 2 0
github.com/b7r-dev/lyt/internal/render/render.go:757.18,759.3 1 0
github.com/b7r-dev/lyt/internal/render/render.go:760.2,760.21 1 0
github.com/b7r-dev/lyt/internal/render/render.go:760.21,762.3 1 0
github.com/b7r-dev/lyt/internal/render/render.go:763.2,763.16 1 0
github.com/b7r-dev/lyt/internal/render/render.go:763.16,765.3 1 0
github.com/b7r-dev/lyt/internal/render/render.go:767.2,767.22 1 0
github.com/b7r-dev/lyt/internal/render/render.go:767.22,769.3 1 0
github.com/b7r-dev/lyt/internal/render/render.go:771.2,772.20 2 0
github.com/b7r-dev/lyt/internal/render/render.go:776.72,786.17 8 1
github.com/b7r-dev/lyt/internal/render/render.go:786.17,788.3 1 1
github.com/b7r-dev/lyt/internal/render/render.go:790.2,790.16 1 1
github.com/b7r-dev/lyt/internal/render/render.go:790.16,793.3 2 1
github.com/b7r-dev/lyt/internal/render/render.go:795.2,795.22 1 1
github.com/b7r-dev/lyt/internal/render/render.go:795.22,797.3 1 1
github.com/b7r-dev/lyt/internal/render/render.go:799.2,800.20 2 1
github.com/b7r-dev/lyt/internal/render/render.go:804.76,813.17 7 0
github.com/b7r-dev/lyt/internal/render/render.go:813.17,815.3 1 0
github.com/b7r-dev/lyt/internal/render/render.go:817.2,817.16 1 0
github.com/b7r-dev/lyt/internal/render/render.go:817.16,820.3 2 0
github.com/b7r-dev/lyt/internal/render/render.go:822.2,823.20 2 0
github.com/b7r-dev/lyt/internal/render/render.go:827.73,836.17 7 0
github.com/b7r-dev/lyt/internal/render/render.go:836.17,838.21 2 0
github.com/b7r-dev/lyt/internal/render/render.go:838.21,840.4 1 0
github.com/b7r-dev/lyt/internal/render/render.go:841.3,842.27 2 0
github.com/b7r-dev/lyt/internal/render/render.go:846.2,846.16 1 0
github.com/b7r-dev/lyt/internal/render/render.go:846.16,848.21 2 0
github.com/b7r-dev/lyt/internal/render/render.go:848.21,850.4 1 0
github.com/b7r-dev/lyt/internal/render/render.go:850.9,852.4 1 0
github.com/b7r-dev/lyt/internal/render/render.go:855.2,856.20 2 0
github.com/b7r-dev/lyt/internal/render/render.go:860.34,865.2 4 1
github.com/b7r-dev/lyt/internal/render/render.go:867.67,874.17 6 0
github.com/b7r-dev/lyt/internal/render/render.go:874.17,875.17 1 0
github.com/b7r-dev/lyt/internal/render/render.go:875.17,877.4 1 0
github.com/b7r-dev/lyt/internal/render/render.go:877.9,879.4 1 0
github.com/b7r-dev/lyt/internal/render/render.go:881.2,881.16 1 0
github.com/b7r-dev/lyt/internal/render/render.go:881.16,883.3 1 0
github.com/b7r-dev/lyt/internal/render/render.go:884.2,885.13 2 0
github.com/b7r-dev/lyt/internal/render/render.go:888.68,893.2 4 0
github.com/b7r-dev/lyt/internal/render/render.go:895.57,903.19 3 13
github.com/b7r-dev/lyt/internal/render/render.go:903.19,910.3 1 11
github.com/b7r-dev/lyt/internal/render/render.go:912.2,919.27 6 2
github.com/b7r-dev/lyt/internal/render/render.go:919.27,920.49 1 6
github.com/b7r-dev/lyt/internal/render/render.go:920.49,925.4 4 6
github.com/b7r-dev/lyt/internal/render/render.go:927.2,937.27 7 2
github.com/b7r-dev/lyt/internal/render/render.go:937.27,938.49 1 6
github.com/b7r-dev/lyt/internal/render/render.go:938.49,943.4 4 6
github.com/b7r-dev/lyt/internal/render/render.go:945.2,952.20 6 2
github.com/b7r-dev/lyt/internal/render/render.go:956.69,961.18 3 12
github.com/b7r-dev/lyt/internal/render/render.go:961.18,963.3 1 4
github.com/b7r-dev/lyt/internal/render/render.go:965.2,965.64 1 8
github.com/b7r-dev/lyt/internal/render/render.go:965.64,967.3 1 0
github.com/b7r-dev/lyt/internal/render/render.go:968.2,968.11 1 8
github.com/b7r-dev/lyt/internal/render/render.go:972.56,974.31 2 13
github.com/b7r-dev/lyt/internal/render/render.go:974.31,976.3 1 2
github.com/b7r-dev/lyt/internal/render/render.go:977.2,977.73 1 11
github.com/b7r-dev/lyt/internal/render/render.go:980.86,982.16 2 14
github.com/b7r-dev/lyt/internal/render/render.go:982.16,984.3 1 0
github.com/b7r-dev/lyt/internal/render/render.go:985.2,986.49 2 14
github.com/b7r-dev/lyt/internal/render/render.go:986.49,988.3 1 0
github.com/b7r-dev/lyt/internal/render/render.go:989.2,989.26 1 14
github.com/b7r-dev/lyt/internal/render/render.go:992.71,993.34 1 149
github.com/b7r-dev/lyt/internal/render/render.go:993.34,995.3 1 110
github.com/b7r-dev/lyt/internal/render/render.go:996.2,996.17 1 39
github.com/b7r-dev/lyt/internal/render/render.go:999.38,1003.2 3 17
github.com/b7r-dev/lyt/cmd/build.go:22.42,24.16 2 0
github.com/b7r-dev/lyt/cmd/build.go:24.16,26.3 1 0
github.com/b7r-dev/lyt/cmd/build.go:29.2,30.35 2 0
github.com/b7r-dev/lyt/cmd/build.go:30.35,31.69 1 0
github.com/b7r-dev/lyt/cmd/build.go:31.69,33.9 2 0
github.com/b7r-dev/lyt/cmd/build.go:37.2,37.11 1 0
github.com/b7r-dev/lyt/cmd/build.go:37.11,39.3 1 0
github.com/b7r-dev/lyt/cmd/build.go:42.2,44.35 3 0
github.com/b7r-dev/lyt/cmd/build.go:44.35,45.72 1 0
github.com/b7r-dev/lyt/cmd/build.go:45.72,47.9 2 0
github.com/b7r-dev/lyt/cmd/build.go:51.2,51.11 1 0
github.com/b7r-dev/lyt/cmd/build.go:51.11,53.3 1 0
github.com/b7r-dev/lyt/cmd/build.go:55.2,55.92 1 0
github.com/b7r-dev/lyt/cmd/build.go:67.56,70.16 2 0
github.com/b7r-dev/lyt/cmd/build.go:70.16,72.3 1 0
github.com/b7r-dev/lyt/cmd/build.go:74.2,79.16 3 0
github.com/b7r-dev/lyt/cmd/build.go:79.16,81.3 1 0
github.com/b7r-dev/lyt/cmd/build.go:83.2,88.21 5 0
github.com/b7r-dev/lyt/cmd/build.go:88.21,91.3 1 0
github.com/b7r-dev/lyt/cmd/build.go:93.2,94.35 2 0
github.com/b7r-dev/lyt/cmd/build.go:94.35,96.3 1 0
github.com/b7r-dev/lyt/cmd/build.go:99.2,103.69 3 0
github.com/b7r-dev/lyt/cmd/build.go:103.69,106.3 2 0
github.com/b7r-dev/lyt/cmd/build.go:109.2,112.16 4 0
github.com/b7r-dev/lyt/cmd/build.go:112.16,114.3 1 0
github.com/b7r-dev/lyt/cmd/build.go:116.2,116.13 1 0
github.com/b7r-dev/lyt/cmd/build.go:116.13,119.3 1 0
github.com/b7r-dev/lyt/cmd/build.go:122.2,122.53 1 0
github.com/b7r-dev/lyt/cmd/build.go:122.53,124.3 1 0
github.com/b7r-dev/lyt/cmd/build.go:127.2,129.16 3 0
github.com/b7r-dev/lyt/cmd/build.go:129.16,132.3 2 0
github.com/b7r-dev/lyt/cmd/build.go:133.2,134.74 2 0
github.com/b7r-dev/lyt/cmd/build.go:134.74,136.3 1 0
github.com/b7r-dev/lyt/cmd/build.go:137.2,141.16 3 0
github.com/b7r-dev/lyt/cmd/build.go:141.16,143.3 1 0
github.com/b7r-dev/lyt/cmd/build.go:144.2,144.90 1 0
github.com/b7r-dev/lyt/cmd/build.go:144.90,146.3 1 0
github.com/b7r-dev/lyt/cmd/build.go:147.2,155.40 6 0
github.com/b7r-dev/lyt/cmd/build.go:155.40,157.17 2 0
github.com/b7r-dev/lyt/cmd/build.go:157.17,159.12 2 0
github.com/b7r-dev/lyt/cmd/build.go:161.3,162.66 2 0
github.com/b7r-dev/lyt/cmd/build.go:162.66,164.4 1 0
github.com/b7r-dev/lyt/cmd/build.go:165.3,165.67 1 0
github.com/b7r-dev/lyt/cmd/build.go:165.67,167.4 1 0
github.com/b7r-dev/lyt/cmd/build.go:168.3,172.36 3 0
github.com/b7r-dev/lyt/cmd/build.go:172.36,174.18 2 0
github.com/b7r-dev/lyt/cmd/build.go:174.18,176.73 2 0
github.com/b7r-dev/lyt/cmd/build.go:176.73,178.6 1 0
github.com/b7r-dev/lyt/cmd/build.go:178.11,178.86 1 0
github.com/b7r-dev/lyt/cmd/build.go:178.86,180.6 1 0
github.com/b7r-dev/lyt/cmd/build.go:186.2,186.39 1 0
github.com/b7r-dev/lyt/cmd/build.go:186.39,188.17 2 0
github.com/b7r-dev/lyt/cmd/build.go:188.17,190.12 2 0
github.com/b7r-dev/lyt/cmd/build.go:192.3,193.66 2 0
github.com/b7r-dev/lyt/cmd/build.go:193.66,195.4 1 0
github.com/b7r-dev/lyt/cmd/build.go:196.3,196.67 1 0
github.com/b7r-dev/lyt/cmd/build.go:196.67,198.4 1 0
github.com/b7r-dev/lyt/cmd/build.go:199.3,203.36 3 0
github.com/b7r-dev/lyt/cmd/build.go:203.36,205.18 2 0
github.com/b7r-dev/lyt/cmd/build.go:205.18,207.73 2 0
github.com/b7r-dev/lyt/cmd/build.go:207.73,209.6 1 0
github.com/b7r-dev/lyt/cmd/build.go:209.11,209.86 1 0
github.com/b7r-dev/lyt/cmd/build.go:209.86,211.6 1 0
github.com/b7r-dev/lyt/cmd/build.go:217.2,218.63 2 0
github.com/b7r-dev/lyt/cmd/build.go:218.63,220.3 1 0
github.com/b7r-dev/lyt/cmd/build.go:223.2,225.101 3 0
github.com/b7r-dev/lyt/cmd/build.go:225.101,227.3 1 0
github.com/b7r-dev/lyt/cmd/build.go:230.2,234.12 4 0
github.com/b7r-dev/lyt/cmd/build.go:237.55,248.35 3 6
github.com/b7r-dev/lyt/cmd/build.go:248.35,250.3 1 1
github.com/b7r-dev/lyt/cmd/build.go:254.2,254.34 1 5
github.com/b7r-dev/lyt/cmd/build.go:254.34,258.3 1 3
github.com/b7r-dev/lyt/cmd/build.go:261.2,261.53 1 2
github.com/b7r-dev/lyt/cmd/build.go:264.55,268.2 3 1
github.com/b7r-dev/lyt/cmd/build.go:270.73,281.55 5 0
github.com/b7r-dev/lyt/cmd/build.go:281.55,283.3 1 0
github.com/b7r-dev/lyt/cmd/build.go:286.2,286.70 1 0
github.com/b7r-dev/lyt/cmd/build.go:289.70,297.28 6 0
github.com/b7r-dev/lyt/cmd/build.go:297.28,298.42 1 0
github.com/b7r-dev/lyt/cmd/build.go:298.42,300.4 1 0
github.com/b7r-dev/lyt/cmd/build.go:302.2,302.27 1 0
github.com/b7r-dev/lyt/cmd/build.go:302.27,303.42 1 0
github.com/b7r-dev/lyt/cmd/build.go:303.42,305.4 1 0
github.com/b7r-dev/lyt/cmd/build.go:308.2,309.20 2 0
github.com/b7r-dev/lyt/cmd/build.go:312.50,313.59 1 0
github.com/b7r-dev/lyt/cmd/build.go:313.59,314.44 1 0
github.com/b7r-dev/lyt/cmd/build.go:314.44,316.4 1 0
github.com/b7r-dev/lyt/cmd/build.go:318.2,318.11 1 0
github.com/b7r-dev/lyt/cmd/build.go:321.51,322.81 1 0
github.com/b7r-dev/lyt/cmd/build.go:322.81,323.17 1 0
github.com/b7r-dev/lyt/cmd/build.go:323.17,325.4 1 0
github.com/b7r-dev/lyt/cmd/build.go:326.3,329.19 3 0
github.com/b7r-dev/lyt/cmd/build.go:329.19,331.4 1 0
github.com/b7r-dev/lyt/cmd/build.go:333.3,334.17 2 0
github.com/b7r-dev/lyt/cmd/build.go:334.17,336.4 1 0
github.com/b7r-dev/lyt/cmd/build.go:337.3,337.63 1 0
github.com/b7r-dev/lyt/cmd/build.go:337.63,339.4 1 0
github.com/b7r-dev/lyt/cmd/build.go:340.3,340.14 1 0
github.com/b7r-dev/lyt/cmd/build.go:340.14,342.4 1 0
github.com/b7r-dev/lyt/cmd/build.go:343.3,343.13 1 0
github.com/b7r-dev/lyt/cmd/build.go:347.13,351.2 3 1
github.com/b7r-dev/lyt/cmd/help_agent.go:27.60,135.21 2 0
github.com/b7r-dev/lyt/cmd/help_agent.go:136.14,138.17 2 0
github.com/b7r-dev/lyt/cmd/help_agent.go:138.17,140.4 1 0
github.com/b7r-dev/lyt/cmd/help_agent.go:141.3,141.30 1 0
github.com/b7r-dev/lyt/cmd/help_agent.go:142.10,153.42 9 0
github.com/b7r-dev/lyt/cmd/help_agent.go:153.42,157.26 4 0
github.com/b7r-dev/lyt/cmd/help_agent.go:157.26,159.36 2 0
github.com/b7r-dev/lyt/cmd/help_agent.go:159.36,161.6 1 0
github.com/b7r-dev/lyt/cmd/help_agent.go:162.5,162.18 1 0
github.com/b7r-dev/lyt/cmd/help_agent.go:164.4,164.52 1 0
github.com/b7r-dev/lyt/cmd/help_agent.go:167.3,171.58 5 0
github.com/b7r-dev/lyt/cmd/help_agent.go:171.58,173.4 1 0
github.com/b7r-dev/lyt/cmd/help_agent.go:174.3,175.61 2 0
github.com/b7r-dev/lyt/cmd/help_agent.go:175.61,177.4 1 0
github.com/b7r-dev/lyt/cmd/help_agent.go:178.3,187.59 9 0
github.com/b7r-dev/lyt/cmd/help_agent.go:187.59,189.4 1 0
github.com/b7r-dev/lyt/cmd/help_agent.go:190.3,194.42 4 0
github.com/b7r-dev/lyt/cmd/help_agent.go:194.42,199.34 5 0
github.com/b7r-dev/lyt/cmd/help_agent.go:199.34,201.5 1 0
github.com/b7r-dev/lyt/cmd/help_agent.go:202.4,202.17 1 0
github.com/b7r-dev/lyt/cmd/help_agent.go:205.3,209.49 5 0
github.com/b7r-dev/lyt/cmd/help_agent.go:209.49,212.4 1 0
github.com/b7r-dev/lyt/cmd/help_agent.go:213.3,221.84 9 0
github.com/b7r-dev/lyt/cmd/help_agent.go:224.2,224.12 1 0
github.com/b7r-dev/lyt/cmd/help_agent.go:227.48,229.27 2 0
github.com/b7r-dev/lyt/cmd/help_agent.go:229.27,230.12 1 0
github.com/b7r-dev/lyt/cmd/help_agent.go:230.12,232.4 1 0
github.com/b7r-dev/lyt/cmd/help_agent.go:233.3,233.14 1 0
github.com/b7r-dev/lyt/cmd/help_agent.go:235.2,235.15 1 0
github.com/b7r-dev/lyt/cmd/help_agent.go:285.13,288.2 2 1
github.com/b7r-dev/lyt/cmd/init.go:30.55,32.16 2 0
github.com/b7r-dev/lyt/cmd/init.go:32.16,34.3 1 0
github.com/b7r-dev/lyt/cmd/init.go:37.2,38.31 2 0
github.com/b7r-dev/lyt/cmd/init.go:38.31,41.3 2 0
github.com/b7r-dev/lyt/cmd/init.go:43.2,54.27 3 0
github.com/b7r-dev/lyt/cmd/init.go:54.27,56.49 2 0
github.com/b7r-dev/lyt/cmd/init.go:56.49,58.4 1 0
github.com/b7r-dev/lyt/cmd/init.go:59.3,59.14 1 0
github.com/b7r-dev/lyt/cmd/init.go:59.14,61.4 1 0
github.com/b7r-dev/lyt/cmd/init.go:65.2,75.35 2 0
github.com/b7r-dev/lyt/cmd/init.go:75.35,77.71 2 0
github.com/b7r-dev/lyt/cmd/init.go:77.71,79.4 1 0
github.com/b7r-dev/lyt/cmd/init.go:80.3,80.14 1 0
github.com/b7r-dev/lyt/cmd/init.go:80.14,82.4 1 0
github.com/b7r-dev/lyt/cmd/init.go:85.2,89.12 4 0
github.com/b7r-dev/lyt/cmd/init.go:92.44,94.31 2 0
github.com/b7r-dev/lyt/cmd/init.go:94.31,95.61 1 0
github.com/b7r-dev/lyt/cmd/init.go:95.61,97.4 1 0
github.com/b7r-dev/lyt/cmd/init.go:99.2,99.14 1 0
github.com/b7r-dev/lyt/cmd/init.go:717.13,720.2 2 1
github.com/b7r-dev/lyt/cmd/root.go:25.22,27.2 1 0
github.com/b7r-dev/lyt/cmd/root.go:29.13,34.2 4 1
github.com/b7r-dev/lyt/cmd/root.go:36.20,38.2 0 0
github.com/b7r-dev/lyt/cmd/serve.go:29.75,29.90 1 0
github.com/b7r-dev/lyt/cmd/serve.go:31.56,34.17 3 0
github.com/b7r-dev/lyt/cmd/serve.go:34.17,37.3 1 0
github.com/b7r-dev/lyt/cmd/serve.go:37.8,41.50 3 0
github.com/b7r-dev/lyt/cmd/serve.go:41.50,43.4 1 0
github.com/b7r-dev/lyt/cmd/serve.go:47.2,56.16 7 0
github.com/b7r-dev/lyt/cmd/serve.go:56.16,58.3 1 0
github.com/b7r-dev/lyt/cmd/serve.go:59.2,59.15 1 0
github.com/b7r-dev/lyt/cmd/serve.go:59.15,59.38 1 0
github.com/b7r-dev/lyt/cmd/serve.go:61.2,61.12 1 0
github.com/b7r-dev/lyt/cmd/serve.go:61.12,64.7 3 0
github.com/b7r-dev/lyt/cmd/serve.go:64.7,65.11 1 0
github.com/b7r-dev/lyt/cmd/serve.go:66.26,67.43 1 0
github.com/b7r-dev/lyt/cmd/serve.go:68.33,69.48 1 0
github.com/b7r-dev/lyt/cmd/serve.go:70.22,73.52 3 0
github.com/b7r-dev/lyt/cmd/serve.go:73.52,75.6 1 0
github.com/b7r-dev/lyt/cmd/serve.go:80.2,86.67 5 0
github.com/b7r-dev/lyt/cmd/serve.go:86.67,88.3 1 0
github.com/b7r-dev/lyt/cmd/serve.go:90.2,90.39 1 0
github.com/b7r-dev/lyt/cmd/serve.go:93.68,95.17 2 0
github.com/b7r-dev/lyt/cmd/serve.go:95.17,97.3 1 0
github.com/b7r-dev/lyt/cmd/serve.go:98.2,100.53 2 0
github.com/b7r-dev/lyt/cmd/serve.go:100.53,103.3 1 0
github.com/b7r-dev/lyt/cmd/serve.go:105.2,105.32 1 0
github.com/b7r-dev/lyt/cmd/serve.go:108.55,110.16 2 0
github.com/b7r-dev/lyt/cmd/serve.go:110.16,112.3 1 0
github.com/b7r-dev/lyt/cmd/serve.go:113.2,113.15 1 0
github.com/b7r-dev/lyt/cmd/serve.go:113.15,113.35 1 0
github.com/b7r-dev/lyt/cmd/serve.go:114.2,117.15 4 0
github.com/b7r-dev/lyt/cmd/serve.go:117.15,119.29 2 0
github.com/b7r-dev/lyt/cmd/serve.go:119.29,120.17 1 0
github.com/b7r-dev/lyt/cmd/serve.go:120.17,122.10 2 0
github.com/b7r-dev/lyt/cmd/serve.go:125.3,125.21 1 0
github.com/b7r-dev/lyt/cmd/serve.go:127.2,127.6 1 0
github.com/b7r-dev/lyt/cmd/serve.go:127.6,129.3 1 0
github.com/b7r-dev/lyt/cmd/serve.go:135.32,138.28 3 0
github.com/b7r-dev/lyt/cmd/serve.go:138.28,140.3 1 0
github.com/b7r-dev/lyt/cmd/serve.go:143.48,144.78 1 0
github.com/b7r-dev/lyt/cmd/serve.go:144.78,145.17 1 0
github.com/b7r-dev/lyt/cmd/serve.go:145.17,147.4 1 0
github.com/b7r-dev/lyt/cmd/serve.go:148.3,148.19 1 0
github.com/b7r-dev/lyt/cmd/serve.go:148.19,150.4 1 0
github.com/b7r-dev/lyt/cmd/serve.go:151.3,151.13 1 0
github.com/b7r-dev/lyt/cmd/serve.go:155.23,157.27 2 0
github.com/b7r-dev/lyt/cmd/serve.go:157.27,158.63 1 0
github.com/b7r-dev/lyt/cmd/serve.go:158.63,159.12 1 0
github.com/b7r-dev/lyt/cmd/serve.go:161.3,162.27 2 0
github.com/b7r-dev/lyt/cmd/serve.go:162.27,163.51 1 0
github.com/b7r-dev/lyt/cmd/serve.go:163.51,165.5 1 0
github.com/b7r-dev/lyt/cmd/serve.go:168.2,168.20 1 0
github.com/b7r-dev/lyt/cmd/serve.go:171.30,172.23 1 0
github.com/b7r-dev/lyt/cmd/serve.go:173.18,174.14 1 0
github.com/b7r-dev/lyt/cmd/serve.go:176.2,176.12 1 0
github.com/b7r-dev/lyt/cmd/serve.go:179.13,183.2 3 1
github.com/b7r-dev/lyt/internal/markdown/markdown.go:30.41,32.54 2 10
github.com/b7r-dev/lyt/internal/markdown/markdown.go:32.54,34.3 1 0
github.com/b7r-dev/lyt/internal/markdown/markdown.go:35.2,35.26 1 10
