mode: atomic
github.com/b7r-dev/lyt/engine/cmd/build.go:22.42,24.16 2 0
github.com/b7r-dev/lyt/engine/cmd/build.go:24.16,26.3 1 0
github.com/b7r-dev/lyt/engine/cmd/build.go:29.2,30.35 2 0
github.com/b7r-dev/lyt/engine/cmd/build.go:30.35,31.69 1 0
github.com/b7r-dev/lyt/engine/cmd/build.go:31.69,33.9 2 0
github.com/b7r-dev/lyt/engine/cmd/build.go:37.2,37.11 1 0
github.com/b7r-dev/lyt/engine/cmd/build.go:37.11,39.3 1 0
github.com/b7r-dev/lyt/engine/cmd/build.go:42.2,44.35 3 0
github.com/b7r-dev/lyt/engine/cmd/build.go:44.35,45.72 1 0
github.com/b7r-dev/lyt/engine/cmd/build.go:45.72,47.9 2 0
github.com/b7r-dev/lyt/engine/cmd/build.go:51.2,51.11 1 0
github.com/b7r-dev/lyt/engine/cmd/build.go:51.11,53.3 1 0
github.com/b7r-dev/lyt/engine/cmd/build.go:55.2,55.92 1 0
github.com/b7r-dev/lyt/engine/cmd/build.go:67.56,70.16 2 0
github.com/b7r-dev/lyt/engine/cmd/build.go:70.16,72.3 1 0
github.com/b7r-dev/lyt/engine/cmd/build.go:74.2,79.16 3 0
github.com/b7r-dev/lyt/engine/cmd/build.go:79.16,81.3 1 0
github.com/b7r-dev/lyt/engine/cmd/build.go:83.2,88.21 5 0
github.com/b7r-dev/lyt/engine/cmd/build.go:88.21,91.3 1 0
github.com/b7r-dev/lyt/engine/cmd/build.go:93.2,94.35 2 0
github.com/b7r-dev/lyt/engine/cmd/build.go:94.35,96.3 1 0
github.com/b7r-dev/lyt/engine/cmd/build.go:99.2,103.69 3 0
github.com/b7r-dev/lyt/engine/cmd/build.go:103.69,106.3 2 0
github.com/b7r-dev/lyt/engine/cmd/build.go:109.2,112.16 4 0
github.com/b7r-dev/lyt/engine/cmd/build.go:112.16,114.3 1 0
github.com/b7r-dev/lyt/engine/cmd/build.go:116.2,116.13 1 0
github.com/b7r-dev/lyt/engine/cmd/build.go:116.13,119.3 1 0
github.com/b7r-dev/lyt/engine/cmd/build.go:122.2,122.53 1 0
github.com/b7r-dev/lyt/engine/cmd/build.go:122.53,124.3 1 0
github.com/b7r-dev/lyt/engine/cmd/build.go:127.2,129.16 3 0
github.com/b7r-dev/lyt/engine/cmd/build.go:129.16,132.3 2 0
github.com/b7r-dev/lyt/engine/cmd/build.go:133.2,134.74 2 0
github.com/b7r-dev/lyt/engine/cmd/build.go:134.74,136.3 1 0
github.com/b7r-dev/lyt/engine/cmd/build.go:137.2,141.16 3 0
github.com/b7r-dev/lyt/engine/cmd/build.go:141.16,143.3 1 0
github.com/b7r-dev/lyt/engine/cmd/build.go:144.2,144.90 1 0
github.com/b7r-dev/lyt/engine/cmd/build.go:144.90,146.3 1 0
github.com/b7r-dev/lyt/engine/cmd/build.go:147.2,154.40 5 0
github.com/b7r-dev/lyt/engine/cmd/build.go:154.40,156.17 2 0
github.com/b7r-dev/lyt/engine/cmd/build.go:156.17,158.12 2 0
github.com/b7r-dev/lyt/engine/cmd/build.go:160.3,161.66 2 0
github.com/b7r-dev/lyt/engine/cmd/build.go:161.66,163.4 1 0
github.com/b7r-dev/lyt/engine/cmd/build.go:164.3,164.67 1 0
github.com/b7r-dev/lyt/engine/cmd/build.go:164.67,166.4 1 0
github.com/b7r-dev/lyt/engine/cmd/build.go:167.3,168.55 2 0
github.com/b7r-dev/lyt/engine/cmd/build.go:172.2,172.39 1 0
github.com/b7r-dev/lyt/engine/cmd/build.go:172.39,174.17 2 0
github.com/b7r-dev/lyt/engine/cmd/build.go:174.17,176.12 2 0
github.com/b7r-dev/lyt/engine/cmd/build.go:178.3,179.66 2 0
github.com/b7r-dev/lyt/engine/cmd/build.go:179.66,181.4 1 0
github.com/b7r-dev/lyt/engine/cmd/build.go:182.3,182.67 1 0
github.com/b7r-dev/lyt/engine/cmd/build.go:182.67,184.4 1 0
github.com/b7r-dev/lyt/engine/cmd/build.go:185.3,186.55 2 0
github.com/b7r-dev/lyt/engine/cmd/build.go:190.2,191.63 2 0
github.com/b7r-dev/lyt/engine/cmd/build.go:191.63,193.3 1 0
github.com/b7r-dev/lyt/engine/cmd/build.go:196.2,198.101 3 0
github.com/b7r-dev/lyt/engine/cmd/build.go:198.101,200.3 1 0
github.com/b7r-dev/lyt/engine/cmd/build.go:203.2,207.12 4 0
github.com/b7r-dev/lyt/engine/cmd/build.go:210.55,214.2 3 0
github.com/b7r-dev/lyt/engine/cmd/build.go:216.55,220.2 3 0
github.com/b7r-dev/lyt/engine/cmd/build.go:222.70,230.28 6 0
github.com/b7r-dev/lyt/engine/cmd/build.go:230.28,231.42 1 0
github.com/b7r-dev/lyt/engine/cmd/build.go:231.42,233.4 1 0
github.com/b7r-dev/lyt/engine/cmd/build.go:235.2,235.27 1 0
github.com/b7r-dev/lyt/engine/cmd/build.go:235.27,236.42 1 0
github.com/b7r-dev/lyt/engine/cmd/build.go:236.42,238.4 1 0
github.com/b7r-dev/lyt/engine/cmd/build.go:241.2,242.20 2 0
github.com/b7r-dev/lyt/engine/cmd/build.go:245.50,246.59 1 0
github.com/b7r-dev/lyt/engine/cmd/build.go:246.59,247.44 1 0
github.com/b7r-dev/lyt/engine/cmd/build.go:247.44,249.4 1 0
github.com/b7r-dev/lyt/engine/cmd/build.go:251.2,251.11 1 0
github.com/b7r-dev/lyt/engine/cmd/build.go:254.51,255.81 1 0
github.com/b7r-dev/lyt/engine/cmd/build.go:255.81,256.17 1 0
github.com/b7r-dev/lyt/engine/cmd/build.go:256.17,258.4 1 0
github.com/b7r-dev/lyt/engine/cmd/build.go:259.3,262.19 3 0
github.com/b7r-dev/lyt/engine/cmd/build.go:262.19,264.4 1 0
github.com/b7r-dev/lyt/engine/cmd/build.go:266.3,267.17 2 0
github.com/b7r-dev/lyt/engine/cmd/build.go:267.17,269.4 1 0
github.com/b7r-dev/lyt/engine/cmd/build.go:270.3,270.63 1 0
github.com/b7r-dev/lyt/engine/cmd/build.go:270.63,272.4 1 0
github.com/b7r-dev/lyt/engine/cmd/build.go:273.3,273.14 1 0
github.com/b7r-dev/lyt/engine/cmd/build.go:273.14,275.4 1 0
github.com/b7r-dev/lyt/engine/cmd/build.go:276.3,276.13 1 0
github.com/b7r-dev/lyt/engine/cmd/build.go:280.13,284.2 3 0
github.com/b7r-dev/lyt/engine/cmd/help_agent.go:27.60,135.21 2 0
github.com/b7r-dev/lyt/engine/cmd/help_agent.go:136.14,138.17 2 0
github.com/b7r-dev/lyt/engine/cmd/help_agent.go:138.17,140.4 1 0
github.com/b7r-dev/lyt/engine/cmd/help_agent.go:141.3,141.30 1 0
github.com/b7r-dev/lyt/engine/cmd/help_agent.go:142.10,153.42 9 0
github.com/b7r-dev/lyt/engine/cmd/help_agent.go:153.42,157.26 4 0
github.com/b7r-dev/lyt/engine/cmd/help_agent.go:157.26,159.36 2 0
github.com/b7r-dev/lyt/engine/cmd/help_agent.go:159.36,161.6 1 0
github.com/b7r-dev/lyt/engine/cmd/help_agent.go:162.5,162.18 1 0
github.com/b7r-dev/lyt/engine/cmd/help_agent.go:164.4,164.52 1 0
github.com/b7r-dev/lyt/engine/cmd/help_agent.go:167.3,171.58 5 0
github.com/b7r-dev/lyt/engine/cmd/help_agent.go:171.58,173.4 1 0
github.com/b7r-dev/lyt/engine/cmd/help_agent.go:174.3,175.61 2 0
github.com/b7r-dev/lyt/engine/cmd/help_agent.go:175.61,177.4 1 0
github.com/b7r-dev/lyt/engine/cmd/help_agent.go:178.3,187.59 9 0
github.com/b7r-dev/lyt/engine/cmd/help_agent.go:187.59,189.4 1 0
github.com/b7r-dev/lyt/engine/cmd/help_agent.go:190.3,194.42 4 0
github.com/b7r-dev/lyt/engine/cmd/help_agent.go:194.42,199.34 5 0
github.com/b7r-dev/lyt/engine/cmd/help_agent.go:199.34,201.5 1 0
github.com/b7r-dev/lyt/engine/cmd/help_agent.go:202.4,202.17 1 0
github.com/b7r-dev/lyt/engine/cmd/help_agent.go:205.3,209.49 5 0
github.com/b7r-dev/lyt/engine/cmd/help_agent.go:209.49,212.4 1 0
github.com/b7r-dev/lyt/engine/cmd/help_agent.go:213.3,221.84 9 0
github.com/b7r-dev/lyt/engine/cmd/help_agent.go:224.2,224.12 1 0
github.com/b7r-dev/lyt/engine/cmd/help_agent.go:227.48,229.27 2 0
github.com/b7r-dev/lyt/engine/cmd/help_agent.go:229.27,230.12 1 0
github.com/b7r-dev/lyt/engine/cmd/help_agent.go:230.12,232.4 1 0
github.com/b7r-dev/lyt/engine/cmd/help_agent.go:233.3,233.14 1 0
github.com/b7r-dev/lyt/engine/cmd/help_agent.go:235.2,235.15 1 0
github.com/b7r-dev/lyt/engine/cmd/help_agent.go:285.13,288.2 2 0
github.com/b7r-dev/lyt/engine/cmd/init.go:30.55,32.16 2 0
github.com/b7r-dev/lyt/engine/cmd/init.go:32.16,34.3 1 0
github.com/b7r-dev/lyt/engine/cmd/init.go:37.2,38.31 2 0
github.com/b7r-dev/lyt/engine/cmd/init.go:38.31,41.3 2 0
github.com/b7r-dev/lyt/engine/cmd/init.go:43.2,54.27 3 0
github.com/b7r-dev/lyt/engine/cmd/init.go:54.27,56.49 2 0
github.com/b7r-dev/lyt/engine/cmd/init.go:56.49,58.4 1 0
github.com/b7r-dev/lyt/engine/cmd/init.go:59.3,59.14 1 0
github.com/b7r-dev/lyt/engine/cmd/init.go:59.14,61.4 1 0
github.com/b7r-dev/lyt/engine/cmd/init.go:65.2,75.35 2 0
github.com/b7r-dev/lyt/engine/cmd/init.go:75.35,77.71 2 0
github.com/b7r-dev/lyt/engine/cmd/init.go:77.71,79.4 1 0
github.com/b7r-dev/lyt/engine/cmd/init.go:80.3,80.14 1 0
github.com/b7r-dev/lyt/engine/cmd/init.go:80.14,82.4 1 0
github.com/b7r-dev/lyt/engine/cmd/init.go:85.2,89.12 4 0
github.com/b7r-dev/lyt/engine/cmd/init.go:92.44,94.31 2 0
github.com/b7r-dev/lyt/engine/cmd/init.go:94.31,95.61 1 0
github.com/b7r-dev/lyt/engine/cmd/init.go:95.61,97.4 1 0
github.com/b7r-dev/lyt/engine/cmd/init.go:99.2,99.14 1 0
github.com/b7r-dev/lyt/engine/cmd/init.go:716.13,719.2 2 0
github.com/b7r-dev/lyt/engine/cmd/root.go:25.22,27.2 1 0
github.com/b7r-dev/lyt/engine/cmd/root.go:29.13,34.2 4 0
github.com/b7r-dev/lyt/engine/cmd/root.go:36.20,38.2 0 0
github.com/b7r-dev/lyt/engine/cmd/serve.go:29.75,29.90 1 0
github.com/b7r-dev/lyt/engine/cmd/serve.go:31.56,34.17 3 0
github.com/b7r-dev/lyt/engine/cmd/serve.go:34.17,37.3 1 0
github.com/b7r-dev/lyt/engine/cmd/serve.go:37.8,41.50 3 0
github.com/b7r-dev/lyt/engine/cmd/serve.go:41.50,43.4 1 0
github.com/b7r-dev/lyt/engine/cmd/serve.go:47.2,56.16 7 0
github.com/b7r-dev/lyt/engine/cmd/serve.go:56.16,58.3 1 0
github.com/b7r-dev/lyt/engine/cmd/serve.go:59.2,61.12 2 0
github.com/b7r-dev/lyt/engine/cmd/serve.go:61.12,64.7 3 0
github.com/b7r-dev/lyt/engine/cmd/serve.go:64.7,65.11 1 0
github.com/b7r-dev/lyt/engine/cmd/serve.go:66.26,67.43 1 0
github.com/b7r-dev/lyt/engine/cmd/serve.go:68.33,69.48 1 0
github.com/b7r-dev/lyt/engine/cmd/serve.go:70.22,73.52 3 0
github.com/b7r-dev/lyt/engine/cmd/serve.go:73.52,75.6 1 0
github.com/b7r-dev/lyt/engine/cmd/serve.go:80.2,86.67 5 0
github.com/b7r-dev/lyt/engine/cmd/serve.go:86.67,88.3 1 0
github.com/b7r-dev/lyt/engine/cmd/serve.go:90.2,90.39 1 0
github.com/b7r-dev/lyt/engine/cmd/serve.go:93.68,95.17 2 0
github.com/b7r-dev/lyt/engine/cmd/serve.go:95.17,97.3 1 0
github.com/b7r-dev/lyt/engine/cmd/serve.go:98.2,100.53 2 0
github.com/b7r-dev/lyt/engine/cmd/serve.go:100.53,103.3 1 0
github.com/b7r-dev/lyt/engine/cmd/serve.go:105.2,105.32 1 0
github.com/b7r-dev/lyt/engine/cmd/serve.go:108.55,110.16 2 0
github.com/b7r-dev/lyt/engine/cmd/serve.go:110.16,112.3 1 0
github.com/b7r-dev/lyt/engine/cmd/serve.go:113.2,117.15 5 0
github.com/b7r-dev/lyt/engine/cmd/serve.go:117.15,119.29 2 0
github.com/b7r-dev/lyt/engine/cmd/serve.go:119.29,120.17 1 0
github.com/b7r-dev/lyt/engine/cmd/serve.go:120.17,122.10 2 0
github.com/b7r-dev/lyt/engine/cmd/serve.go:125.3,125.21 1 0
github.com/b7r-dev/lyt/engine/cmd/serve.go:127.2,127.6 1 0
github.com/b7r-dev/lyt/engine/cmd/serve.go:127.6,129.3 1 0
github.com/b7r-dev/lyt/engine/cmd/serve.go:135.32,138.28 3 0
github.com/b7r-dev/lyt/engine/cmd/serve.go:138.28,140.3 1 0
github.com/b7r-dev/lyt/engine/cmd/serve.go:143.48,144.74 1 0
github.com/b7r-dev/lyt/engine/cmd/serve.go:144.74,145.17 1 0
github.com/b7r-dev/lyt/engine/cmd/serve.go:145.17,147.4 1 0
github.com/b7r-dev/lyt/engine/cmd/serve.go:148.3,148.19 1 0
github.com/b7r-dev/lyt/engine/cmd/serve.go:148.19,150.4 1 0
github.com/b7r-dev/lyt/engine/cmd/serve.go:151.3,151.13 1 0
github.com/b7r-dev/lyt/engine/cmd/serve.go:155.23,157.27 2 0
github.com/b7r-dev/lyt/engine/cmd/serve.go:157.27,158.63 1 0
github.com/b7r-dev/lyt/engine/cmd/serve.go:158.63,159.12 1 0
github.com/b7r-dev/lyt/engine/cmd/serve.go:161.3,162.27 2 0
github.com/b7r-dev/lyt/engine/cmd/serve.go:162.27,163.51 1 0
github.com/b7r-dev/lyt/engine/cmd/serve.go:163.51,165.5 1 0
github.com/b7r-dev/lyt/engine/cmd/serve.go:168.2,168.20 1 0
github.com/b7r-dev/lyt/engine/cmd/serve.go:171.30,172.23 1 0
github.com/b7r-dev/lyt/engine/cmd/serve.go:173.18,174.14 1 0
github.com/b7r-dev/lyt/engine/cmd/serve.go:176.2,176.12 1 0
github.com/b7r-dev/lyt/engine/cmd/serve.go:179.13,183.2 3 0
github.com/b7r-dev/lyt/engine/main.go:10.13,11.38 1 0
github.com/b7r-dev/lyt/engine/main.go:11.38,14.3 2 0
github.com/b7r-dev/lyt/engine/internal/render/render.go:74.84,76.2 1 0
github.com/b7r-dev/lyt/engine/internal/render/render.go:89.71,100.16 7 0
github.com/b7r-dev/lyt/engine/internal/render/render.go:100.16,102.3 1 0
github.com/b7r-dev/lyt/engine/internal/render/render.go:105.2,123.46 5 0
github.com/b7r-dev/lyt/engine/internal/render/render.go:126.75,140.27 8 0
github.com/b7r-dev/lyt/engine/internal/render/render.go:140.27,141.25 1 0
github.com/b7r-dev/lyt/engine/internal/render/render.go:141.25,142.46 1 0
github.com/b7r-dev/lyt/engine/internal/render/render.go:142.46,145.5 2 0
github.com/b7r-dev/lyt/engine/internal/render/render.go:145.10,145.52 1 0
github.com/b7r-dev/lyt/engine/internal/render/render.go:145.52,148.5 2 0
github.com/b7r-dev/lyt/engine/internal/render/render.go:152.3,152.24 1 0
github.com/b7r-dev/lyt/engine/internal/render/render.go:152.24,153.48 1 0
github.com/b7r-dev/lyt/engine/internal/render/render.go:153.48,156.5 2 0
github.com/b7r-dev/lyt/engine/internal/render/render.go:160.2,163.16 4 0
github.com/b7r-dev/lyt/engine/internal/render/render.go:163.16,165.3 1 0
github.com/b7r-dev/lyt/engine/internal/render/render.go:168.2,168.27 1 0
github.com/b7r-dev/lyt/engine/internal/render/render.go:168.27,170.3 1 0
github.com/b7r-dev/lyt/engine/internal/render/render.go:170.8,172.3 1 0
github.com/b7r-dev/lyt/engine/internal/render/render.go:173.2,192.46 6 0
github.com/b7r-dev/lyt/engine/internal/render/render.go:195.75,198.9 3 0
github.com/b7r-dev/lyt/engine/internal/render/render.go:198.9,200.3 1 0
github.com/b7r-dev/lyt/engine/internal/render/render.go:202.2,202.29 1 0
github.com/b7r-dev/lyt/engine/internal/render/render.go:202.29,204.10 2 0
github.com/b7r-dev/lyt/engine/internal/render/render.go:204.10,205.12 1 0
github.com/b7r-dev/lyt/engine/internal/render/render.go:207.3,208.23 2 0
github.com/b7r-dev/lyt/engine/internal/render/render.go:211.2,211.25 1 0
github.com/b7r-dev/lyt/engine/internal/render/render.go:214.69,221.17 4 0
github.com/b7r-dev/lyt/engine/internal/render/render.go:222.14,223.43 1 0
github.com/b7r-dev/lyt/engine/internal/render/render.go:224.18,225.47 1 0
github.com/b7r-dev/lyt/engine/internal/render/render.go:226.17,227.46 1 0
github.com/b7r-dev/lyt/engine/internal/render/render.go:228.20,229.41 1 0
github.com/b7r-dev/lyt/engine/internal/render/render.go:230.18,231.40 1 0
github.com/b7r-dev/lyt/engine/internal/render/render.go:232.13,233.42 1 0
github.com/b7r-dev/lyt/engine/internal/render/render.go:234.17,235.46 1 0
github.com/b7r-dev/lyt/engine/internal/render/render.go:236.22,237.43 1 0
github.com/b7r-dev/lyt/engine/internal/render/render.go:238.10,243.56 2 0
github.com/b7r-dev/lyt/engine/internal/render/render.go:243.56,246.4 2 0
github.com/b7r-dev/lyt/engine/internal/render/render.go:249.3,250.24 2 0
github.com/b7r-dev/lyt/engine/internal/render/render.go:250.24,252.4 1 0
github.com/b7r-dev/lyt/engine/internal/render/render.go:255.3,255.52 1 0
github.com/b7r-dev/lyt/engine/internal/render/render.go:255.52,257.28 2 0
github.com/b7r-dev/lyt/engine/internal/render/render.go:257.28,258.51 1 0
github.com/b7r-dev/lyt/engine/internal/render/render.go:258.51,260.6 1 0
github.com/b7r-dev/lyt/engine/internal/render/render.go:262.4,262.28 1 0
github.com/b7r-dev/lyt/engine/internal/render/render.go:266.3,266.56 1 0
github.com/b7r-dev/lyt/engine/internal/render/render.go:266.56,268.30 2 0
github.com/b7r-dev/lyt/engine/internal/render/render.go:268.30,269.50 1 0
github.com/b7r-dev/lyt/engine/internal/render/render.go:269.50,271.6 1 0
github.com/b7r-dev/lyt/engine/internal/render/render.go:273.4,273.28 1 0
github.com/b7r-dev/lyt/engine/internal/render/render.go:276.3,276.31 1 0
github.com/b7r-dev/lyt/engine/internal/render/render.go:278.2,278.20 1 0
github.com/b7r-dev/lyt/engine/internal/render/render.go:281.76,283.40 2 0
github.com/b7r-dev/lyt/engine/internal/render/render.go:283.40,285.63 2 0
github.com/b7r-dev/lyt/engine/internal/render/render.go:285.63,288.4 2 0
github.com/b7r-dev/lyt/engine/internal/render/render.go:288.9,288.96 1 0
github.com/b7r-dev/lyt/engine/internal/render/render.go:288.96,291.4 2 0
github.com/b7r-dev/lyt/engine/internal/render/render.go:292.8,292.29 1 0
github.com/b7r-dev/lyt/engine/internal/render/render.go:292.29,295.3 2 0
github.com/b7r-dev/lyt/engine/internal/render/render.go:296.2,296.11 1 0
github.com/b7r-dev/lyt/engine/internal/render/render.go:300.73,309.17 7 0
github.com/b7r-dev/lyt/engine/internal/render/render.go:309.17,311.3 1 0
github.com/b7r-dev/lyt/engine/internal/render/render.go:313.2,313.20 1 0
github.com/b7r-dev/lyt/engine/internal/render/render.go:313.20,315.3 1 0
github.com/b7r-dev/lyt/engine/internal/render/render.go:317.2,317.16 1 0
github.com/b7r-dev/lyt/engine/internal/render/render.go:317.16,320.3 2 0
github.com/b7r-dev/lyt/engine/internal/render/render.go:323.2,323.75 1 0
github.com/b7r-dev/lyt/engine/internal/render/render.go:323.75,325.29 2 0
github.com/b7r-dev/lyt/engine/internal/render/render.go:325.29,326.49 1 0
github.com/b7r-dev/lyt/engine/internal/render/render.go:326.49,328.5 1 0
github.com/b7r-dev/lyt/engine/internal/render/render.go:330.3,330.27 1 0
github.com/b7r-dev/lyt/engine/internal/render/render.go:333.2,334.20 2 0
github.com/b7r-dev/lyt/engine/internal/render/render.go:338.77,345.17 5 0
github.com/b7r-dev/lyt/engine/internal/render/render.go:345.17,347.3 1 0
github.com/b7r-dev/lyt/engine/internal/render/render.go:350.2,350.69 1 0
github.com/b7r-dev/lyt/engine/internal/render/render.go:350.69,352.27 2 0
github.com/b7r-dev/lyt/engine/internal/render/render.go:352.27,353.50 1 0
github.com/b7r-dev/lyt/engine/internal/render/render.go:353.50,355.5 1 0
github.com/b7r-dev/lyt/engine/internal/render/render.go:357.3,357.27 1 0
github.com/b7r-dev/lyt/engine/internal/render/render.go:360.2,361.20 2 0
github.com/b7r-dev/lyt/engine/internal/render/render.go:364.74,372.16 6 0
github.com/b7r-dev/lyt/engine/internal/render/render.go:372.16,374.3 1 0
github.com/b7r-dev/lyt/engine/internal/render/render.go:376.2,376.17 1 0
github.com/b7r-dev/lyt/engine/internal/render/render.go:376.17,378.3 1 0
github.com/b7r-dev/lyt/engine/internal/render/render.go:380.2,380.16 1 0
github.com/b7r-dev/lyt/engine/internal/render/render.go:380.16,382.3 1 0
github.com/b7r-dev/lyt/engine/internal/render/render.go:384.2,385.20 2 0
github.com/b7r-dev/lyt/engine/internal/render/render.go:389.76,398.17 7 0
github.com/b7r-dev/lyt/engine/internal/render/render.go:398.17,400.3 1 0
github.com/b7r-dev/lyt/engine/internal/render/render.go:402.2,402.16 1 0
github.com/b7r-dev/lyt/engine/internal/render/render.go:402.16,405.3 2 0
github.com/b7r-dev/lyt/engine/internal/render/render.go:407.2,408.20 2 0
github.com/b7r-dev/lyt/engine/internal/render/render.go:412.71,420.17 6 0
github.com/b7r-dev/lyt/engine/internal/render/render.go:420.17,423.3 2 0
github.com/b7r-dev/lyt/engine/internal/render/render.go:425.2,425.37 1 0
github.com/b7r-dev/lyt/engine/internal/render/render.go:425.37,427.17 2 0
github.com/b7r-dev/lyt/engine/internal/render/render.go:427.17,429.4 1 0
github.com/b7r-dev/lyt/engine/internal/render/render.go:430.3,430.24 1 0
github.com/b7r-dev/lyt/engine/internal/render/render.go:430.24,432.4 1 0
github.com/b7r-dev/lyt/engine/internal/render/render.go:433.3,433.30 1 0
github.com/b7r-dev/lyt/engine/internal/render/render.go:436.2,437.20 2 0
github.com/b7r-dev/lyt/engine/internal/render/render.go:441.70,451.15 8 0
github.com/b7r-dev/lyt/engine/internal/render/render.go:451.15,453.3 1 0
github.com/b7r-dev/lyt/engine/internal/render/render.go:455.2,455.16 1 0
github.com/b7r-dev/lyt/engine/internal/render/render.go:455.16,457.3 1 0
github.com/b7r-dev/lyt/engine/internal/render/render.go:459.2,459.15 1 0
github.com/b7r-dev/lyt/engine/internal/render/render.go:459.15,461.3 1 0
github.com/b7r-dev/lyt/engine/internal/render/render.go:464.2,465.18 2 0
github.com/b7r-dev/lyt/engine/internal/render/render.go:465.18,467.3 1 0
github.com/b7r-dev/lyt/engine/internal/render/render.go:468.2,468.21 1 0
github.com/b7r-dev/lyt/engine/internal/render/render.go:468.21,470.3 1 0
github.com/b7r-dev/lyt/engine/internal/render/render.go:471.2,471.16 1 0
github.com/b7r-dev/lyt/engine/internal/render/render.go:471.16,473.3 1 0
github.com/b7r-dev/lyt/engine/internal/render/render.go:475.2,475.22 1 0
github.com/b7r-dev/lyt/engine/internal/render/render.go:475.22,477.3 1 0
github.com/b7r-dev/lyt/engine/internal/render/render.go:479.2,480.20 2 0
github.com/b7r-dev/lyt/engine/internal/render/render.go:484.72,494.17 8 0
github.com/b7r-dev/lyt/engine/internal/render/render.go:494.17,496.3 1 0
github.com/b7r-dev/lyt/engine/internal/render/render.go:498.2,498.16 1 0
github.com/b7r-dev/lyt/engine/internal/render/render.go:498.16,501.3 2 0
github.com/b7r-dev/lyt/engine/internal/render/render.go:503.2,503.22 1 0
github.com/b7r-dev/lyt/engine/internal/render/render.go:503.22,505.3 1 0
github.com/b7r-dev/lyt/engine/internal/render/render.go:507.2,508.20 2 0
github.com/b7r-dev/lyt/engine/internal/render/render.go:512.76,521.17 7 0
github.com/b7r-dev/lyt/engine/internal/render/render.go:521.17,523.3 1 0
github.com/b7r-dev/lyt/engine/internal/render/render.go:525.2,525.16 1 0
github.com/b7r-dev/lyt/engine/internal/render/render.go:525.16,528.3 2 0
github.com/b7r-dev/lyt/engine/internal/render/render.go:530.2,531.20 2 0
github.com/b7r-dev/lyt/engine/internal/render/render.go:535.73,544.17 7 0
github.com/b7r-dev/lyt/engine/internal/render/render.go:544.17,546.21 2 0
github.com/b7r-dev/lyt/engine/internal/render/render.go:546.21,548.4 1 0
github.com/b7r-dev/lyt/engine/internal/render/render.go:549.3,550.27 2 0
github.com/b7r-dev/lyt/engine/internal/render/render.go:554.2,554.16 1 0
github.com/b7r-dev/lyt/engine/internal/render/render.go:554.16,556.21 2 0
github.com/b7r-dev/lyt/engine/internal/render/render.go:556.21,558.4 1 0
github.com/b7r-dev/lyt/engine/internal/render/render.go:558.9,560.4 1 0
github.com/b7r-dev/lyt/engine/internal/render/render.go:563.2,564.20 2 0
github.com/b7r-dev/lyt/engine/internal/render/render.go:568.34,573.2 4 0
github.com/b7r-dev/lyt/engine/internal/render/render.go:575.67,582.17 6 0
github.com/b7r-dev/lyt/engine/internal/render/render.go:582.17,583.17 1 0
github.com/b7r-dev/lyt/engine/internal/render/render.go:583.17,585.4 1 0
github.com/b7r-dev/lyt/engine/internal/render/render.go:585.9,587.4 1 0
github.com/b7r-dev/lyt/engine/internal/render/render.go:589.2,589.16 1 0
github.com/b7r-dev/lyt/engine/internal/render/render.go:589.16,591.3 1 0
github.com/b7r-dev/lyt/engine/internal/render/render.go:592.2,593.13 2 0
github.com/b7r-dev/lyt/engine/internal/render/render.go:596.68,601.2 4 0
github.com/b7r-dev/lyt/engine/internal/render/render.go:603.39,605.19 2 0
github.com/b7r-dev/lyt/engine/internal/render/render.go:605.19,611.3 1 0
github.com/b7r-dev/lyt/engine/internal/render/render.go:613.2,620.27 6 0
github.com/b7r-dev/lyt/engine/internal/render/render.go:620.27,621.49 1 0
github.com/b7r-dev/lyt/engine/internal/render/render.go:621.49,625.4 3 0
github.com/b7r-dev/lyt/engine/internal/render/render.go:627.2,634.27 6 0
github.com/b7r-dev/lyt/engine/internal/render/render.go:634.27,635.49 1 0
github.com/b7r-dev/lyt/engine/internal/render/render.go:635.49,639.4 3 0
github.com/b7r-dev/lyt/engine/internal/render/render.go:641.2,646.20 5 0
github.com/b7r-dev/lyt/engine/internal/render/render.go:650.56,652.31 2 0
github.com/b7r-dev/lyt/engine/internal/render/render.go:652.31,654.3 1 0
github.com/b7r-dev/lyt/engine/internal/render/render.go:655.2,655.73 1 0
github.com/b7r-dev/lyt/engine/internal/render/render.go:658.86,660.16 2 0
github.com/b7r-dev/lyt/engine/internal/render/render.go:660.16,662.3 1 0
github.com/b7r-dev/lyt/engine/internal/render/render.go:663.2,664.49 2 0
github.com/b7r-dev/lyt/engine/internal/render/render.go:664.49,666.3 1 0
github.com/b7r-dev/lyt/engine/internal/render/render.go:667.2,667.26 1 0
github.com/b7r-dev/lyt/engine/internal/render/render.go:670.71,671.34 1 0
github.com/b7r-dev/lyt/engine/internal/render/render.go:671.34,673.3 1 0
github.com/b7r-dev/lyt/engine/internal/render/render.go:674.2,674.17 1 0
github.com/b7r-dev/lyt/engine/internal/render/render.go:677.38,681.2 3 0
github.com/b7r-dev/lyt/engine/internal/build/cache.go:19.40,27.16 3 5
github.com/b7r-dev/lyt/engine/internal/build/cache.go:27.16,29.3 1 2
github.com/b7r-dev/lyt/engine/internal/build/cache.go:30.2,30.10 1 5
github.com/b7r-dev/lyt/engine/internal/build/cache.go:34.30,39.16 4 2
github.com/b7r-dev/lyt/engine/internal/build/cache.go:39.16,41.3 1 0
github.com/b7r-dev/lyt/engine/internal/build/cache.go:42.2,42.41 1 2
github.com/b7r-dev/lyt/engine/internal/build/cache.go:46.47,50.2 3 2
github.com/b7r-dev/lyt/engine/internal/build/cache.go:53.56,57.2 3 3
github.com/b7r-dev/lyt/engine/internal/build/cache.go:60.46,65.13 4 3
github.com/b7r-dev/lyt/engine/internal/build/cache.go:65.13,67.3 1 2
github.com/b7r-dev/lyt/engine/internal/build/cache.go:70.2,71.16 2 1
github.com/b7r-dev/lyt/engine/internal/build/cache.go:71.16,73.3 1 0
github.com/b7r-dev/lyt/engine/internal/build/cache.go:75.2,75.40 1 1
github.com/b7r-dev/lyt/engine/internal/build/cache.go:79.36,81.16 2 1
github.com/b7r-dev/lyt/engine/internal/build/cache.go:81.16,83.3 1 0
github.com/b7r-dev/lyt/engine/internal/build/cache.go:84.2,84.43 1 1
github.com/b7r-dev/lyt/engine/internal/build/cache.go:88.44,89.81 1 0
github.com/b7r-dev/lyt/engine/internal/build/cache.go:89.81,90.17 1 0
github.com/b7r-dev/lyt/engine/internal/build/cache.go:90.17,92.4 1 0
github.com/b7r-dev/lyt/engine/internal/build/cache.go:93.3,93.20 1 0
github.com/b7r-dev/lyt/engine/internal/build/cache.go:93.20,95.4 1 0
github.com/b7r-dev/lyt/engine/internal/build/cache.go:96.3,96.13 1 0
github.com/b7r-dev/lyt/engine/internal/build/cache.go:101.52,102.27 1 2
github.com/b7r-dev/lyt/engine/internal/build/cache.go:102.27,104.75 2 2
github.com/b7r-dev/lyt/engine/internal/build/cache.go:104.75,105.18 1 4
github.com/b7r-dev/lyt/engine/internal/build/cache.go:105.18,107.5 1 0
github.com/b7r-dev/lyt/engine/internal/build/cache.go:108.4,108.43 1 4
github.com/b7r-dev/lyt/engine/internal/build/cache.go:108.43,111.5 2 1
github.com/b7r-dev/lyt/engine/internal/build/cache.go:112.4,112.14 1 3
github.com/b7r-dev/lyt/engine/internal/build/cache.go:114.3,114.14 1 2
github.com/b7r-dev/lyt/engine/internal/build/cache.go:114.14,116.4 1 1
github.com/b7r-dev/lyt/engine/internal/build/cache.go:118.2,118.14 1 1
github.com/b7r-dev/lyt/engine/internal/build/cache.go:122.30,126.2 3 1
github.com/b7r-dev/lyt/engine/internal/build/cache.go:129.47,133.25 3 0
github.com/b7r-dev/lyt/engine/internal/build/cache.go:133.25,135.3 1 0
github.com/b7r-dev/lyt/engine/internal/build/cache.go:138.2,138.18 1 0
github.com/b7r-dev/lyt/engine/internal/content/scanner.go:35.52,37.2 1 3
github.com/b7r-dev/lyt/engine/internal/content/scanner.go:39.47,48.83 2 3
github.com/b7r-dev/lyt/engine/internal/content/scanner.go:48.83,49.17 1 13
github.com/b7r-dev/lyt/engine/internal/content/scanner.go:49.17,51.4 1 0
github.com/b7r-dev/lyt/engine/internal/content/scanner.go:52.3,52.38 1 13
github.com/b7r-dev/lyt/engine/internal/content/scanner.go:52.38,54.4 1 8
github.com/b7r-dev/lyt/engine/internal/content/scanner.go:56.3,60.69 3 5
github.com/b7r-dev/lyt/engine/internal/content/scanner.go:60.69,62.4 1 1
github.com/b7r-dev/lyt/engine/internal/content/scanner.go:64.3,65.17 2 4
github.com/b7r-dev/lyt/engine/internal/content/scanner.go:65.17,67.4 1 0
github.com/b7r-dev/lyt/engine/internal/content/scanner.go:69.3,70.52 2 4
github.com/b7r-dev/lyt/engine/internal/content/scanner.go:70.52,72.4 1 0
github.com/b7r-dev/lyt/engine/internal/content/scanner.go:74.3,74.34 1 4
github.com/b7r-dev/lyt/engine/internal/content/scanner.go:74.34,76.4 1 0
github.com/b7r-dev/lyt/engine/internal/content/scanner.go:78.3,85.10 2 4
github.com/b7r-dev/lyt/engine/internal/content/scanner.go:86.40,88.31 2 2
github.com/b7r-dev/lyt/engine/internal/content/scanner.go:89.46,91.43 2 0
github.com/b7r-dev/lyt/engine/internal/content/scanner.go:92.42,94.26 2 0
github.com/b7r-dev/lyt/engine/internal/content/scanner.go:94.26,96.5 1 0
github.com/b7r-dev/lyt/engine/internal/content/scanner.go:97.46,98.18 1 0
github.com/b7r-dev/lyt/engine/internal/content/scanner.go:99.11,101.33 2 2
github.com/b7r-dev/lyt/engine/internal/content/scanner.go:104.3,104.13 1 4
github.com/b7r-dev/lyt/engine/internal/content/scanner.go:107.2,107.15 1 3
github.com/b7r-dev/lyt/engine/internal/content/scanner.go:110.44,112.2 1 5
github.com/b7r-dev/lyt/engine/internal/content/scanner.go:115.98,119.2 3 4
github.com/b7r-dev/lyt/engine/internal/content/scanner.go:121.103,122.25 1 9
github.com/b7r-dev/lyt/engine/internal/content/scanner.go:122.25,123.24 1 19
github.com/b7r-dev/lyt/engine/internal/content/scanner.go:124.15,125.33 1 13
github.com/b7r-dev/lyt/engine/internal/content/scanner.go:125.33,127.78 2 0
github.com/b7r-dev/lyt/engine/internal/content/scanner.go:127.78,129.6 1 0
github.com/b7r-dev/lyt/engine/internal/content/scanner.go:131.31,132.38 1 4
github.com/b7r-dev/lyt/engine/internal/content/scanner.go:133.22,134.40 1 1
github.com/b7r-dev/lyt/engine/internal/content/scanner.go:139.96,140.25 1 1
github.com/b7r-dev/lyt/engine/internal/content/scanner.go:140.25,141.24 1 1
github.com/b7r-dev/lyt/engine/internal/content/scanner.go:142.15,142.15 0 0
github.com/b7r-dev/lyt/engine/internal/content/scanner.go:144.31,145.38 1 1
github.com/b7r-dev/lyt/engine/internal/content/scanner.go:146.22,147.40 1 0
github.com/b7r-dev/lyt/engine/internal/content/scanner.go:152.69,155.29 3 0
github.com/b7r-dev/lyt/engine/internal/content/scanner.go:155.29,156.48 1 0
github.com/b7r-dev/lyt/engine/internal/content/scanner.go:156.48,158.4 1 0
github.com/b7r-dev/lyt/engine/internal/content/scanner.go:158.9,160.4 1 0
github.com/b7r-dev/lyt/engine/internal/content/scanner.go:162.2,162.12 1 0
github.com/b7r-dev/lyt/engine/internal/content/scanner.go:166.53,167.62 1 0
github.com/b7r-dev/lyt/engine/internal/content/scanner.go:167.62,169.3 1 0
github.com/b7r-dev/lyt/engine/internal/content/scanner.go:170.2,170.37 1 0
github.com/b7r-dev/lyt/engine/internal/content/scanner.go:174.69,175.61 1 0
github.com/b7r-dev/lyt/engine/internal/content/scanner.go:175.61,176.30 1 0
github.com/b7r-dev/lyt/engine/internal/content/scanner.go:176.30,177.47 1 0
github.com/b7r-dev/lyt/engine/internal/content/scanner.go:177.47,178.53 1 0
github.com/b7r-dev/lyt/engine/internal/content/scanner.go:178.53,180.6 1 0
github.com/b7r-dev/lyt/engine/internal/content/scanner.go:184.2,184.12 1 0
github.com/b7r-dev/lyt/engine/internal/content/scanner.go:188.40,189.40 1 0
github.com/b7r-dev/lyt/engine/internal/content/scanner.go:189.40,191.27 2 0
github.com/b7r-dev/lyt/engine/internal/content/scanner.go:191.27,192.31 1 0
github.com/b7r-dev/lyt/engine/internal/content/scanner.go:192.31,194.5 1 0
github.com/b7r-dev/lyt/engine/internal/content/scanner.go:196.3,196.13 1 0
github.com/b7r-dev/lyt/engine/internal/content/scanner.go:198.2,198.12 1 0
github.com/b7r-dev/lyt/engine/internal/content/scanner.go:202.57,203.45 1 0
github.com/b7r-dev/lyt/engine/internal/content/scanner.go:203.45,205.23 2 0
github.com/b7r-dev/lyt/engine/internal/content/scanner.go:205.23,206.31 1 0
github.com/b7r-dev/lyt/engine/internal/content/scanner.go:206.31,208.5 1 0
github.com/b7r-dev/lyt/engine/internal/content/scanner.go:210.3,210.13 1 0
github.com/b7r-dev/lyt/engine/internal/content/scanner.go:212.2,212.12 1 0
github.com/b7r-dev/lyt/engine/internal/content/scanner.go:215.61,216.33 1 0
github.com/b7r-dev/lyt/engine/internal/content/scanner.go:216.33,217.56 1 0
github.com/b7r-dev/lyt/engine/internal/content/scanner.go:217.56,219.4 1 0
github.com/b7r-dev/lyt/engine/internal/content/scanner.go:221.2,221.12 1 0
github.com/b7r-dev/lyt/engine/internal/content/scanner.go:224.45,225.52 1 0
github.com/b7r-dev/lyt/engine/internal/content/scanner.go:225.52,227.3 1 0
github.com/b7r-dev/lyt/engine/internal/content/scanner.go:228.2,228.24 1 0
github.com/b7r-dev/lyt/engine/internal/content/scanner.go:231.44,232.63 1 0
github.com/b7r-dev/lyt/engine/internal/content/scanner.go:232.63,233.46 1 0
github.com/b7r-dev/lyt/engine/internal/content/scanner.go:233.46,235.4 1 0
github.com/b7r-dev/lyt/engine/internal/content/scanner.go:237.2,237.14 1 0
github.com/b7r-dev/lyt/engine/internal/markdown/markdown.go:30.41,32.54 2 10
github.com/b7r-dev/lyt/engine/internal/markdown/markdown.go:32.54,34.3 1 0
github.com/b7r-dev/lyt/engine/internal/markdown/markdown.go:35.2,35.26 1 10
github.com/b7r-dev/lyt/engine/internal/tokens/processor.go:12.63,14.16 2 2
github.com/b7r-dev/lyt/engine/internal/tokens/processor.go:14.16,16.3 1 1
github.com/b7r-dev/lyt/engine/internal/tokens/processor.go:18.2,19.51 2 1
github.com/b7r-dev/lyt/engine/internal/tokens/processor.go:19.51,21.3 1 0
github.com/b7r-dev/lyt/engine/internal/tokens/processor.go:23.2,28.62 4 1
github.com/b7r-dev/lyt/engine/internal/tokens/processor.go:28.62,31.3 2 1
github.com/b7r-dev/lyt/engine/internal/tokens/processor.go:34.2,34.64 1 1
github.com/b7r-dev/lyt/engine/internal/tokens/processor.go:34.64,37.3 2 0
github.com/b7r-dev/lyt/engine/internal/tokens/processor.go:40.2,40.63 1 1
github.com/b7r-dev/lyt/engine/internal/tokens/processor.go:40.63,43.3 2 1
github.com/b7r-dev/lyt/engine/internal/tokens/processor.go:46.2,46.52 1 1
github.com/b7r-dev/lyt/engine/internal/tokens/processor.go:46.52,49.3 2 1
github.com/b7r-dev/lyt/engine/internal/tokens/processor.go:51.2,52.25 2 1
github.com/b7r-dev/lyt/engine/internal/tokens/processor.go:55.80,57.25 2 2
github.com/b7r-dev/lyt/engine/internal/tokens/processor.go:57.25,60.19 3 3
github.com/b7r-dev/lyt/engine/internal/tokens/processor.go:60.19,62.4 1 2
github.com/b7r-dev/lyt/engine/internal/tokens/processor.go:63.3,63.24 1 3
github.com/b7r-dev/lyt/engine/internal/tokens/processor.go:64.15,65.63 1 2
github.com/b7r-dev/lyt/engine/internal/tokens/processor.go:66.31,67.28 1 1
github.com/b7r-dev/lyt/engine/internal/tokens/processor.go:72.81,74.25 2 2
github.com/b7r-dev/lyt/engine/internal/tokens/processor.go:74.25,76.24 2 3
github.com/b7r-dev/lyt/engine/internal/tokens/processor.go:77.15,78.63 1 3
github.com/b7r-dev/lyt/engine/internal/tokens/processor.go:79.12,80.65 1 0
github.com/b7r-dev/lyt/engine/internal/tokens/processor.go:81.16,82.67 1 0
github.com/b7r-dev/lyt/engine/internal/tokens/processor.go:87.69,88.61 1 1
github.com/b7r-dev/lyt/engine/internal/tokens/processor.go:88.61,89.24 1 1
github.com/b7r-dev/lyt/engine/internal/tokens/processor.go:89.24,91.4 1 1
github.com/b7r-dev/lyt/engine/internal/tokens/processor.go:93.2,93.59 1 1
github.com/b7r-dev/lyt/engine/internal/tokens/processor.go:93.59,95.3 1 1
github.com/b7r-dev/lyt/engine/internal/tokens/processor.go:96.2,96.61 1 1
github.com/b7r-dev/lyt/engine/internal/tokens/processor.go:96.61,98.3 1 0
github.com/b7r-dev/lyt/engine/internal/tokens/processor.go:99.2,99.61 1 1
github.com/b7r-dev/lyt/engine/internal/tokens/processor.go:99.61,101.3 1 0
github.com/b7r-dev/lyt/engine/internal/tokens/processor.go:102.2,102.64 1 1
github.com/b7r-dev/lyt/engine/internal/tokens/processor.go:102.64,104.3 1 0
github.com/b7r-dev/lyt/engine/internal/tokens/processor.go:107.52,109.19 2 5
github.com/b7r-dev/lyt/engine/internal/tokens/processor.go:109.19,111.3 1 9
github.com/b7r-dev/lyt/engine/internal/tokens/processor.go:112.2,113.13 2 5
